PRT1
334
824
4 0 2 (6662.740234 2048 1160.369995 ) (6144 2048 1160.369995 ) (6144 2048 -300 ) (6662.740234 2048 -300 ) 
4 0 1 (6144 2048 -300 ) (6144 2048 1160.369995 ) (6144 2219.370117 1160.369995 ) (6144 2219.370117 -300 ) 
4 1 6 (5120 2048 -300 ) (5120 2048 1160.369995 ) (5120 2219.370117 1160.369995 ) (5120 2219.370117 -300 ) 
4 1 3 (6144 2048 -300 ) (6144 2048 1160.369995 ) (5120 2048 1160.369995 ) (5120 2048 -300 ) 
4 2 4 (6662.740234 1024 1160.369995 ) (6144 1024 1160.369995 ) (6144 1024 -300 ) (6662.740234 1024 -300 ) 
4 2 3 (6144 2048 1160.369995 ) (6144 2048 -300 ) (6144 1024 -300 ) (6144 1024 1160.369995 ) 
4 3 9 (5120 1024 -300 ) (5120 1024 1160.369995 ) (5120 2048 1160.369995 ) (5120 2048 -300 ) 
4 3 5 (6144 1024 -300 ) (6144 1024 1160.369995 ) (5120 1024 1160.369995 ) (5120 1024 -300 ) 
4 4 15 (6662.740234 0 1160.369995 ) (6144 0 1160.369995 ) (6144 0 -300 ) (6662.740234 0 -300 ) 
4 4 5 (6144 1024 1160.369995 ) (6144 1024 -300 ) (6144 0 -300 ) (6144 0 1160.369995 ) 
4 5 16 (6144 0 -300 ) (6144 0 1160.369995 ) (5120 0 1160.369995 ) (5120 0 -300 ) 
4 5 10 (5120 0 -300 ) (5120 0 1160.369995 ) (5120 1024 1160.369995 ) (5120 1024 -300 ) 
4 6 9 (5120 2048 -300 ) (5120 2048 1160.369995 ) (4096 2048 1160.369995 ) (4096 2048 -300 ) 
4 6 7 (4096 2048 -300 ) (4096 2048 1160.369995 ) (4096 2219.370117 1160.369995 ) (4096 2219.370117 -300 ) 
4 7 11 (4096 2048 -300 ) (4096 2048 1160.369995 ) (3072 2048 1160.369995 ) (3072 2048 -300 ) 
4 7 8 (3072 2048 -300 ) (3072 2048 1160.369995 ) (3072 2219.370117 1160.369995 ) (3072 2219.370117 -300 ) 
4 8 71 (2048 2048 -300 ) (2048 2048 1160.369995 ) (2048 2219.370117 1160.369995 ) (2048 2219.370117 -300 ) 
4 8 12 (3072 2048 -300 ) (3072 2048 1160.369995 ) (2048 2048 1160.369995 ) (2048 2048 -300 ) 
4 9 11 (4096 2048 1160.369995 ) (4096 2048 -300 ) (4096 1024 -300 ) (4096 1024 1160.369995 ) 
4 9 10 (5120 1024 -300 ) (5120 1024 1160.369995 ) (4096 1024 1160.369995 ) (4096 1024 -300 ) 
4 10 41 (5120 0 -300 ) (5120 0 1160.369995 ) (4096 0 1160.369995 ) (4096 0 -300 ) 
4 10 13 (4096 0 -300 ) (4096 0 1160.369995 ) (4096 1024 1160.369995 ) (4096 1024 -300 ) 
4 11 13 (4096 1024 -300 ) (4096 1024 1160.369995 ) (3072 1024 1160.369995 ) (3072 1024 -300 ) 
4 11 12 (3072 2048 1160.369995 ) (3072 2048 -300 ) (3072 1024 -300 ) (3072 1024 1160.369995 ) 
4 12 74 (2048 1024 -300 ) (2048 1024 1160.369995 ) (2048 2048 1160.369995 ) (2048 2048 -300 ) 
4 12 14 (3072 1024 -300 ) (3072 1024 1160.369995 ) (2048 1024 1160.369995 ) (2048 1024 -300 ) 
4 13 45 (4096 0 -300 ) (4096 0 1160.369995 ) (3072 0 1160.369995 ) (3072 0 -300 ) 
4 13 14 (3072 1024 1160.369995 ) (3072 1024 -300 ) (3072 0 -300 ) (3072 0 1160.369995 ) 
4 14 103 (2048 0 -300 ) (2048 0 136 ) (2048 96 136 ) (2048 96 -300 ) 
4 14 102 (2048 0 136 ) (2048 0 144 ) (2048 96 144 ) (2048 96 136 ) 
4 14 100 (2048 0 144 ) (2048 0 432 ) (2048 96 432 ) (2048 96 144 ) 
4 14 98 (2048 0 432 ) (2048 0 1160.369995 ) (2048 96 1160.369995 ) (2048 96 432 ) 
4 14 78 (2048 1024 432 ) (2048 1024 -300 ) (2048 96 -300 ) (2048 96 432 ) 
4 14 75 (2048 96 1160.369995 ) (2048 1024 1160.369995 ) (2048 1024 432 ) (2048 96 432 ) 
4 14 46 (3072 0 -300 ) (3072 0 1160.369995 ) (2048 0 1160.369995 ) (2048 0 -300 ) 
4 15 18 (6651.399902 -1024 1160.369995 ) (6144 -1024 1160.369995 ) (6144 -1024 -300 ) (6651.399902 -1024 -300 ) 
4 15 17 (6662.740234 -1024 1160.369995 ) (6651.399902 -1024 1160.369995 ) (6651.399902 -1024 -300 ) (6662.740234 -1024 -300 ) 
4 15 16 (6144 0 1160.369995 ) (6144 0 -300 ) (6144 -1024 -300 ) (6144 -1024 1160.369995 ) 
4 16 41 (5120 0 1160.369995 ) (5120 0 -300 ) (5120 -1024 -300 ) (5120 -1024 1160.369995 ) 
4 16 23 (6144 -1024 -300 ) (6144 -1024 140 ) (5120 -1024 140 ) (5120 -1024 -300 ) 
4 16 21 (6144 -1024 140 ) (6144 -1024 1160.369995 ) (5120 -1024 1160.369995 ) (5120 -1024 140 ) 
4 17 24 (6662.740234 -2048 1160.369995 ) (6651.399902 -2048 1160.369995 ) (6651.399902 -2048 -300 ) (6662.740234 -2048 -300 ) 
4 17 19 (6651.399902 -2048 144 ) (6651.399902 -2048 1160.369995 ) (6651.399902 -1920 1160.369995 ) (6651.399902 -1920 144 ) 
4 17 20 (6651.399902 -1920 -300 ) (6651.399902 -2048 -300 ) (6651.399902 -2048 140 ) (6651.399902 -1920 140 ) 
4 17 18 (6651.399902 -1024 -300 ) (6651.399902 -1920 -300 ) (6651.399902 -1920 1160.369995 ) (6651.399902 -1024 1160.369995 ) 
4 18 23 (6144 -1024 140 ) (6144 -1024 -300 ) (6144 -1920 -300 ) (6144 -1920 140 ) 
4 18 21 (6144 -1024 1160.369995 ) (6144 -1024 140 ) (6144 -1920 140 ) (6144 -1920 1160.369995 ) 
4 18 19 (6651.399902 -1920 144 ) (6651.399902 -1920 1160.369995 ) (6144 -1920 1160.369995 ) (6144 -1920 144 ) 
4 18 20 (6144 -1920 -300 ) (6651.399902 -1920 -300 ) (6651.399902 -1920 140 ) (6144 -1920 140 ) 
4 19 25 (6651.399902 -2048 1160.369995 ) (6144 -2048 1160.369995 ) (6144 -2048 144 ) (6651.399902 -2048 144 ) 
4 19 22 (6144 -2048 144 ) (6144 -2048 1160.369995 ) (6144 -1920 1160.369995 ) (6144 -1920 144 ) 
4 20 26 (6144 -2048 140 ) (6144 -2048 -300 ) (6651.399902 -2048 -300 ) (6651.399902 -2048 140 ) 
4 20 23 (6144 -1920 -300 ) (6144 -2048 -300 ) (6144 -2048 140 ) (6144 -1920 140 ) 
4 21 42 (5120 -1920 1160.369995 ) (5120 -1024 1160.369995 ) (5120 -1024 140 ) (5120 -1920 140 ) 
4 21 23 (6144 -1024 140 ) (6144 -1920 140 ) (5120 -1920 140 ) (5120 -1024 140 ) 
4 21 22 (6144 -1920 144 ) (6144 -1920 1160.369995 ) (5120 -1920 1160.369995 ) (5120 -1920 144 ) 
4 22 43 (5120 -2048 144 ) (5120 -2048 1160.369995 ) (5120 -1920 1160.369995 ) (5120 -1920 144 ) 
4 22 30 (6144 -2048 144 ) (6144 -2048 1160.369995 ) (5120 -2048 1160.369995 ) (5120 -2048 144 ) 
4 23 44 (5120 -2048 -300 ) (5120 -2048 140 ) (5120 -1024 140 ) (5120 -1024 -300 ) 
4 23 31 (6144 -2048 -300 ) (6144 -2048 140 ) (5120 -2048 140 ) (5120 -2048 -300 ) 
4 24 28 (6656 -2432 144 ) (6656 -2432 1160.369995 ) (6651.399902 -2432 1160.369995 ) (6651.399902 -2432 144 ) 
4 24 29 (6651.399902 -2432 -300 ) (6656 -2432 -300 ) (6656 -2432 140 ) (6651.399902 -2432 140 ) 
4 24 27 (6656 -2432 -300 ) (6662.740234 -2432 -300 ) (6662.740234 -2432 1160.369995 ) (6656 -2432 1160.369995 ) 
4 24 25 (6651.399902 -2432 144 ) (6651.399902 -2432 1160.369995 ) (6651.399902 -2048 1160.369995 ) (6651.399902 -2048 144 ) 
4 24 26 (6651.399902 -2048 -300 ) (6651.399902 -2432 -300 ) (6651.399902 -2432 140 ) (6651.399902 -2048 140 ) 
4 25 30 (6144 -2048 1160.369995 ) (6144 -2048 144 ) (6144 -2432 144 ) (6144 -2432 1160.369995 ) 
4 25 28 (6651.399902 -2432 144 ) (6651.399902 -2432 1160.369995 ) (6144 -2432 1160.369995 ) (6144 -2432 144 ) 
4 26 31 (6144 -2048 140 ) (6144 -2048 -300 ) (6144 -2432 -300 ) (6144 -2432 140 ) 
4 26 29 (6144 -2432 -300 ) (6651.399902 -2432 -300 ) (6651.399902 -2432 140 ) (6144 -2432 140 ) 
4 27 32 (6662.740234 -3072 1160.369995 ) (6656 -3072 1160.369995 ) (6656 -3072 -300 ) (6662.740234 -3072 -300 ) 
4 27 28 (6656 -2432 1160.369995 ) (6656 -2432 144 ) (6656 -3072 144 ) (6656 -3072 1160.369995 ) 
4 27 29 (6656 -2432 140 ) (6656 -2432 -300 ) (6656 -3072 -300 ) (6656 -3072 140 ) 
4 28 34 (6144 -3072 624 ) (6144 -3072 144 ) (6656 -3072 144 ) (6656 -3072 624 ) 
4 28 33 (6656 -3072 1160.369995 ) (6144 -3072 1160.369995 ) (6144 -3072 624 ) (6656 -3072 624 ) 
4 28 30 (6144 -3072 144 ) (6144 -3072 1160.369995 ) (6144 -2432 1160.369995 ) (6144 -2432 144 ) 
4 29 35 (6144 -3072 140 ) (6144 -3072 -300 ) (6656 -3072 -300 ) (6656 -3072 140 ) 
4 29 31 (6144 -2432 -300 ) (6144 -3072 -300 ) (6144 -3072 140 ) (6144 -2432 140 ) 
4 30 53 (5120 -3072 144 ) (5120 -3072 1160.369995 ) (5120 -2048 1160.369995 ) (5120 -2048 144 ) 
4 30 38 (5120 -3072 624 ) (5120 -3072 144 ) (6144 -3072 144 ) (6144 -3072 624 ) 
4 30 37 (5120 -3072 1160.369995 ) (5120 -3072 624 ) (6144 -3072 624 ) (6144 -3072 1160.369995 ) 
4 31 54 (5120 -3072 -300 ) (5120 -3072 140 ) (5120 -2048 140 ) (5120 -2048 -300 ) 
4 31 39 (5120 -3072 140 ) (5120 -3072 -300 ) (6144 -3072 -300 ) (6144 -3072 140 ) 
4 32 34 (6656 -3073 140 ) (6656 -3073 624 ) (6656 -3072 624 ) (6656 -3072 140 ) 
4 32 33 (6656 -3073 624 ) (6656 -3073 1160.369995 ) (6656 -3072 1160.369995 ) (6656 -3072 624 ) 
4 32 35 (6656 -3072 -300 ) (6656 -3073 -300 ) (6656 -3073 140 ) (6656 -3072 140 ) 
4 32 36 (6656 -3073 -300 ) (6656 -3203.479980 -300 ) (6656 -3203.479980 1160.369995 ) (6656 -3073 1160.369995 ) 
4 33 37 (6144 -3072 1160.369995 ) (6144 -3072 624 ) (6144 -3073 624 ) (6144 -3073 1160.369995 ) 
4 33 36 (6656 -3073 624 ) (6656 -3073 1160.369995 ) (6144 -3073 1160.369995 ) (6144 -3073 624 ) 
4 33 34 (6656 -3073 624 ) (6144 -3073 624 ) (6144 -3072 624 ) (6656 -3072 624 ) 
4 34 38 (6144 -3072 624 ) (6144 -3072 140 ) (6144 -3073 140 ) (6144 -3073 624 ) 
4 34 35 (6656 -3073 140 ) (6144 -3073 140 ) (6144 -3072 140 ) (6656 -3072 140 ) 
4 34 36 (6656 -3073 140 ) (6656 -3073 624 ) (6144 -3073 624 ) (6144 -3073 140 ) 
4 35 39 (6144 -3072 140 ) (6144 -3072 -300 ) (6144 -3073 -300 ) (6144 -3073 140 ) 
4 35 36 (6144 -3073 -300 ) (6656 -3073 -300 ) (6656 -3073 140 ) (6144 -3073 140 ) 
4 36 40 (6144 -3073 -300 ) (6144 -3203.479980 -300 ) (6144 -3203.479980 1160.369995 ) (6144 -3073 1160.369995 ) 
4 37 59 (5120 -3073 1160.369995 ) (5120 -3072 1160.369995 ) (5120 -3072 624 ) (5120 -3073 624 ) 
4 37 40 (6144 -3073 624 ) (6144 -3073 1160.369995 ) (5120 -3073 1160.369995 ) (5120 -3073 624 ) 
4 37 38 (6144 -3073 624 ) (5120 -3073 624 ) (5120 -3072 624 ) (6144 -3072 624 ) 
4 38 60 (5120 -3072 624 ) (5120 -3072 140 ) (5120 -3073 140 ) (5120 -3073 624 ) 
4 38 39 (6144 -3073 140 ) (5120 -3073 140 ) (5120 -3072 140 ) (6144 -3072 140 ) 
4 38 40 (6144 -3073 140 ) (6144 -3073 624 ) (5120 -3073 624 ) (5120 -3073 140 ) 
4 39 61 (5120 -3072 140 ) (5120 -3072 -300 ) (5120 -3073 -300 ) (5120 -3073 140 ) 
4 39 40 (5120 -3073 -300 ) (6144 -3073 -300 ) (6144 -3073 140 ) (5120 -3073 140 ) 
4 40 62 (5120 -3203.479980 1160.369995 ) (5120 -3073 1160.369995 ) (5120 -3073 -300 ) (5120 -3203.479980 -300 ) 
4 41 45 (4096 0 1160.369995 ) (4096 0 -300 ) (4096 -1024 -300 ) (4096 -1024 1160.369995 ) 
4 41 44 (5120 -1024 -300 ) (5120 -1024 140 ) (4096 -1024 140 ) (4096 -1024 -300 ) 
4 41 42 (5120 -1024 140 ) (5120 -1024 1160.369995 ) (4096 -1024 1160.369995 ) (4096 -1024 140 ) 
4 42 47 (4096 -1920 1160.369995 ) (4096 -1024 1160.369995 ) (4096 -1024 140 ) (4096 -1920 140 ) 
4 42 44 (4096 -1920 140 ) (4096 -1024 140 ) (5120 -1024 140 ) (5120 -1920 140 ) 
4 42 43 (5120 -1920 144 ) (5120 -1920 1160.369995 ) (4096 -1920 1160.369995 ) (4096 -1920 144 ) 
4 43 53 (5120 -2048 144 ) (5120 -2048 1160.369995 ) (4096 -2048 1160.369995 ) (4096 -2048 144 ) 
4 43 48 (4096 -2048 144 ) (4096 -2048 1160.369995 ) (4096 -1920 1160.369995 ) (4096 -1920 144 ) 
4 44 54 (5120 -2048 -300 ) (5120 -2048 140 ) (4096 -2048 140 ) (4096 -2048 -300 ) 
4 44 49 (4096 -2048 -300 ) (4096 -2048 140 ) (4096 -1024 140 ) (4096 -1024 -300 ) 
4 45 49 (4096 -1024 -300 ) (4096 -1024 140 ) (3072 -1024 140 ) (3072 -1024 -300 ) 
4 45 47 (4096 -1024 140 ) (4096 -1024 1160.369995 ) (3072 -1024 1160.369995 ) (3072 -1024 140 ) 
4 45 46 (3072 0 1160.369995 ) (3072 0 -300 ) (3072 -1024 -300 ) (3072 -1024 1160.369995 ) 
4 46 248 (2048 -1024 -300 ) (2048 -1024 144 ) (2048 0 144 ) (2048 0 -300 ) 
4 46 246 (2048 -1024 144 ) (2048 -1024 432 ) (2048 0 432 ) (2048 0 144 ) 
4 46 243 (2048 -1024 432 ) (2048 -1024 1160.369995 ) (2048 0 1160.369995 ) (2048 0 432 ) 
4 46 52 (3072 -1024 -300 ) (3072 -1024 140 ) (2048 -1024 140 ) (2048 -1024 -300 ) 
4 46 50 (3072 -1024 140 ) (3072 -1024 1160.369995 ) (2048 -1024 1160.369995 ) (2048 -1024 140 ) 
4 47 50 (3072 -1024 1160.369995 ) (3072 -1024 140 ) (3072 -1920 140 ) (3072 -1920 1160.369995 ) 
4 47 49 (3072 -1024 140 ) (4096 -1024 140 ) (4096 -1920 140 ) (3072 -1920 140 ) 
4 47 48 (4096 -1920 144 ) (4096 -1920 1160.369995 ) (3072 -1920 1160.369995 ) (3072 -1920 144 ) 
4 48 55 (4096 -2048 144 ) (4096 -2048 1160.369995 ) (3072 -2048 1160.369995 ) (3072 -2048 144 ) 
4 48 51 (3072 -2048 144 ) (3072 -2048 1160.369995 ) (3072 -1920 1160.369995 ) (3072 -1920 144 ) 
4 49 56 (4096 -2048 -300 ) (4096 -2048 140 ) (3072 -2048 140 ) (3072 -2048 -300 ) 
4 49 52 (3072 -1024 140 ) (3072 -1024 -300 ) (3072 -2048 -300 ) (3072 -2048 140 ) 
4 50 254 (2048 -1920 1160.369995 ) (2048 -1024 1160.369995 ) (2048 -1024 140 ) (2048 -1920 140 ) 
4 50 52 (3072 -1024 140 ) (3072 -1920 140 ) (2048 -1920 140 ) (2048 -1024 140 ) 
4 50 51 (3072 -1920 144 ) (3072 -1920 1160.369995 ) (2048 -1920 1160.369995 ) (2048 -1920 144 ) 
4 51 255 (2048 -2048 144 ) (2048 -2048 1160.369995 ) (2048 -1920 1160.369995 ) (2048 -1920 144 ) 
4 51 57 (3072 -2048 144 ) (3072 -2048 1160.369995 ) (2048 -2048 1160.369995 ) (2048 -2048 144 ) 
4 52 256 (2048 -2048 -300 ) (2048 -2048 140 ) (2048 -1024 140 ) (2048 -1024 -300 ) 
4 52 58 (3072 -2048 -300 ) (3072 -2048 140 ) (2048 -2048 140 ) (2048 -2048 -300 ) 
4 53 60 (5120 -3072 144 ) (5120 -3072 624 ) (4096 -3072 624 ) (4096 -3072 144 ) 
4 53 59 (5120 -3072 624 ) (5120 -3072 1160.369995 ) (4096 -3072 1160.369995 ) (4096 -3072 624 ) 
4 53 55 (4096 -3072 144 ) (4096 -3072 1160.369995 ) (4096 -2048 1160.369995 ) (4096 -2048 144 ) 
4 54 61 (5120 -3072 -300 ) (5120 -3072 140 ) (4096 -3072 140 ) (4096 -3072 -300 ) 
4 54 56 (4096 -3072 -300 ) (4096 -3072 140 ) (4096 -2048 140 ) (4096 -2048 -300 ) 
4 55 64 (4096 -3072 144 ) (4096 -3072 624 ) (3072 -3072 624 ) (3072 -3072 144 ) 
4 55 63 (4096 -3072 624 ) (4096 -3072 1160.369995 ) (3072 -3072 1160.369995 ) (3072 -3072 624 ) 
4 55 57 (3072 -2048 1160.369995 ) (3072 -2048 144 ) (3072 -3072 144 ) (3072 -3072 1160.369995 ) 
4 56 65 (4096 -3072 -300 ) (4096 -3072 140 ) (3072 -3072 140 ) (3072 -3072 -300 ) 
4 56 58 (3072 -2048 140 ) (3072 -2048 -300 ) (3072 -3072 -300 ) (3072 -3072 140 ) 
4 57 291 (2048 -3072 144 ) (2048 -3072 1160.369995 ) (2048 -2048 1160.369995 ) (2048 -2048 144 ) 
4 57 68 (2048 -3072 624 ) (2048 -3072 144 ) (3072 -3072 144 ) (3072 -3072 624 ) 
4 57 67 (2048 -3072 1160.369995 ) (2048 -3072 624 ) (3072 -3072 624 ) (3072 -3072 1160.369995 ) 
4 58 292 (2048 -3072 -300 ) (2048 -3072 140 ) (2048 -2048 140 ) (2048 -2048 -300 ) 
4 58 69 (2048 -3072 140 ) (2048 -3072 -300 ) (3072 -3072 -300 ) (3072 -3072 140 ) 
4 59 63 (4096 -3072 1160.369995 ) (4096 -3072 624 ) (4096 -3073 624 ) (4096 -3073 1160.369995 ) 
4 59 62 (5120 -3073 624 ) (5120 -3073 1160.369995 ) (4096 -3073 1160.369995 ) (4096 -3073 624 ) 
4 59 60 (5120 -3073 624 ) (4096 -3073 624 ) (4096 -3072 624 ) (5120 -3072 624 ) 
4 60 64 (4096 -3072 624 ) (4096 -3072 140 ) (4096 -3073 140 ) (4096 -3073 624 ) 
4 60 61 (5120 -3073 140 ) (4096 -3073 140 ) (4096 -3072 140 ) (5120 -3072 140 ) 
4 60 62 (5120 -3073 140 ) (5120 -3073 624 ) (4096 -3073 624 ) (4096 -3073 140 ) 
4 61 65 (4096 -3072 140 ) (4096 -3072 -300 ) (4096 -3073 -300 ) (4096 -3073 140 ) 
4 61 62 (4096 -3073 -300 ) (5120 -3073 -300 ) (5120 -3073 140 ) (4096 -3073 140 ) 
4 62 66 (4096 -3073 -300 ) (4096 -3203.479980 -300 ) (4096 -3203.479980 1160.369995 ) (4096 -3073 1160.369995 ) 
4 63 67 (3072 -3072 1160.369995 ) (3072 -3072 624 ) (3072 -3073 624 ) (3072 -3073 1160.369995 ) 
4 63 66 (4096 -3073 624 ) (4096 -3073 1160.369995 ) (3072 -3073 1160.369995 ) (3072 -3073 624 ) 
4 63 64 (4096 -3073 624 ) (3072 -3073 624 ) (3072 -3072 624 ) (4096 -3072 624 ) 
4 64 68 (3072 -3072 624 ) (3072 -3072 140 ) (3072 -3073 140 ) (3072 -3073 624 ) 
4 64 65 (4096 -3073 140 ) (3072 -3073 140 ) (3072 -3072 140 ) (4096 -3072 140 ) 
4 64 66 (4096 -3073 140 ) (4096 -3073 624 ) (3072 -3073 624 ) (3072 -3073 140 ) 
4 65 69 (3072 -3072 140 ) (3072 -3072 -300 ) (3072 -3073 -300 ) (3072 -3073 140 ) 
4 65 66 (3072 -3073 -300 ) (4096 -3073 -300 ) (4096 -3073 140 ) (3072 -3073 140 ) 
4 66 70 (3072 -3073 -300 ) (3072 -3203.479980 -300 ) (3072 -3203.479980 1160.369995 ) (3072 -3073 1160.369995 ) 
4 67 297 (2048 -3073 1160.369995 ) (2048 -3072 1160.369995 ) (2048 -3072 624 ) (2048 -3073 624 ) 
4 67 70 (3072 -3073 624 ) (3072 -3073 1160.369995 ) (2048 -3073 1160.369995 ) (2048 -3073 624 ) 
4 67 68 (3072 -3073 624 ) (2048 -3073 624 ) (2048 -3072 624 ) (3072 -3072 624 ) 
4 68 298 (2048 -3072 624 ) (2048 -3072 140 ) (2048 -3073 140 ) (2048 -3073 624 ) 
4 68 69 (3072 -3073 140 ) (2048 -3073 140 ) (2048 -3072 140 ) (3072 -3072 140 ) 
4 68 70 (3072 -3073 140 ) (3072 -3073 624 ) (2048 -3073 624 ) (2048 -3073 140 ) 
4 69 299 (2048 -3072 140 ) (2048 -3072 -300 ) (2048 -3073 -300 ) (2048 -3073 140 ) 
4 69 70 (2048 -3073 -300 ) (3072 -3073 -300 ) (3072 -3073 140 ) (2048 -3073 140 ) 
4 70 300 (2048 -3203.479980 1160.369995 ) (2048 -3073 1160.369995 ) (2048 -3073 -300 ) (2048 -3203.479980 -300 ) 
4 71 74 (2048 2048 -300 ) (2048 2048 1160.369995 ) (1024 2048 1160.369995 ) (1024 2048 -300 ) 
4 71 72 (1024 2048 -300 ) (1024 2048 1160.369995 ) (1024 2219.370117 1160.369995 ) (1024 2219.370117 -300 ) 
4 72 104 (1024 2048 -300 ) (1024 2048 1160.369995 ) (0 2048 1160.369995 ) (0 2048 -300 ) 
4 72 73 (0 2048 -300 ) (0 2048 1160.369995 ) (0 2219.370117 1160.369995 ) (0 2219.370117 -300 ) 
4 73 237 (-1024 2048 -300 ) (-1024 2048 1160.369995 ) (-1024 2219.370117 1160.369995 ) (-1024 2219.370117 -300 ) 
4 73 105 (0 2048 -300 ) (0 2048 1160.369995 ) (-1024 2048 1160.369995 ) (-1024 2048 -300 ) 
4 74 104 (1024 2048 1160.369995 ) (1024 2048 -300 ) (1024 1024 -300 ) (1024 1024 1160.369995 ) 
4 74 90 (1024 1024 144 ) (1024 1024 -300 ) (1120 1024 -300 ) (1120 1024 144 ) 
4 74 85 (1024 1024 288 ) (1024 1024 144 ) (1120 1024 144 ) (1120 1024 288 ) 
4 74 83 (1024 1024 432 ) (1024 1024 288 ) (1120 1024 288 ) (1120 1024 432 ) 
4 74 82 (1024 1024 448 ) (1024 1024 432 ) (1120 1024 432 ) (1120 1024 448 ) 
4 74 81 (1120 1024 1160.369995 ) (1024 1024 1160.369995 ) (1024 1024 448 ) (1120 1024 448 ) 
4 74 79 (1136 1024 432 ) (1120 1024 432 ) (1120 1024 -300 ) (1136 1024 -300 ) 
4 74 78 (2048 1024 -300 ) (2048 1024 432 ) (1136 1024 432 ) (1136 1024 -300 ) 
4 74 76 (1136 1024 1160.369995 ) (1120 1024 1160.369995 ) (1120 1024 432 ) (1136 1024 432 ) 
4 74 75 (2048 1024 432 ) (2048 1024 1160.369995 ) (1136 1024 1160.369995 ) (1136 1024 432 ) 
4 75 98 (2048 96 432 ) (2048 96 1160.369995 ) (1136 96 1160.369995 ) (1136 96 432 ) 
4 75 78 (2048 96 432 ) (1136 96 432 ) (1136 1024 432 ) (2048 1024 432 ) 
4 75 77 (1136 96 448 ) (1136 96 1160.369995 ) (1136 592 1160.369995 ) (1136 592 448 ) 
4 75 76 (1136 1024 432 ) (1136 592 432 ) (1136 592 1160.369995 ) (1136 1024 1160.369995 ) 
4 76 82 (1120 1024 448 ) (1120 1024 432 ) (1120 592 432 ) (1120 592 448 ) 
4 76 81 (1120 592 1160.369995 ) (1120 1024 1160.369995 ) (1120 1024 448 ) (1120 592 448 ) 
4 76 79 (1120 592 432 ) (1120 1024 432 ) (1136 1024 432 ) (1136 592 432 ) 
4 76 77 (1136 592 448 ) (1136 592 1160.369995 ) (1120 592 1160.369995 ) (1120 592 448 ) 
4 77 98 (1136 96 1160.369995 ) (1120 96 1160.369995 ) (1120 96 448 ) (1136 96 448 ) 
4 77 81 (1120 96 448 ) (1120 96 1160.369995 ) (1120 592 1160.369995 ) (1120 592 448 ) 
4 78 103 (2048 96 -300 ) (2048 96 136 ) (1136 96 136 ) (1136 96 -300 ) 
4 78 102 (2048 96 136 ) (2048 96 144 ) (1136 96 144 ) (1136 96 136 ) 
4 78 100 (2048 96 144 ) (2048 96 432 ) (1136 96 432 ) (1136 96 144 ) 
4 78 80 (1136 576 -300 ) (1136 96 -300 ) (1136 96 16 ) (1136 576 16 ) 
4 78 79 (1136 1024 -300 ) (1136 576 -300 ) (1136 576 432 ) (1136 1024 432 ) 
4 79 91 (1120 576 139.938019 ) (1120 576 144 ) (1120 592 144 ) (1120 592 139.938019 ) 
4 79 92 (1120 592 -300 ) (1120 576 -300 ) (1120 576 15.937500 ) (1120 592 15.937500 ) 
4 79 90 (1120 1024 144 ) (1120 1024 -300 ) (1120 592 -300 ) (1120 592 144 ) 
4 79 85 (1120 1024 288 ) (1120 1024 144 ) (1120 592 144 ) (1120 592 288 ) 
4 79 83 (1120 592 432 ) (1120 1024 432 ) (1120 1024 288 ) (1120 592 288 ) 
4 79 80 (1120 576 -300 ) (1136 576 -300 ) (1136 576 16 ) (1120 576 16 ) 
4 80 103 (1120 96 16 ) (1120 96 -300 ) (1136 96 -300 ) (1136 96 16 ) 
4 80 97 (1120 96 -300 ) (1120 96 8 ) (1120 576 8 ) (1120 576 -300 ) 
4 80 95 (1120 234 16 ) (1120 240 16 ) (1120 240 8 ) (1120 234 8 ) 
4 80 96 (1120 96 8 ) (1120 96 16 ) (1120 234 16 ) (1120 234 8 ) 
4 81 106 (1024 96 448 ) (1024 96 1160.369995 ) (1024 1024 1160.369995 ) (1024 1024 448 ) 
4 81 99 (1024 96 1160.369995 ) (1024 96 448 ) (1072 96 448 ) (1072 96 1160.369995 ) 
4 81 98 (1072 96 448 ) (1120 96 448 ) (1120 96 1160.369995 ) (1072 96 1160.369995 ) 
4 81 82 (1024 1024 448 ) (1120 1024 448 ) (1120 592 448 ) (1024 592 448 ) 
4 82 107 (1024 592 448 ) (1024 1024 448 ) (1024 1024 432 ) (1024 592 432 ) 
4 82 83 (1120 1024 432 ) (1120 592 432 ) (1024 592 432 ) (1024 1024 432 ) 
4 83 110 (1024 592 432 ) (1024 1024 432 ) (1024 1024 288 ) (1024 592 288 ) 
4 83 85 (1024 1024 288 ) (1120 1024 288 ) (1120 592 288 ) (1024 592 288 ) 
4 84 111 (1024 112 432 ) (1024 576 432 ) (1024 576 288 ) (1024 112 288 ) 
4 84 87 (1120 496 288 ) (1120 272 288 ) (1024 272 288 ) (1024 496 288 ) 
4 85 133 (1024 592 288 ) (1024 1024 288 ) (1024 1024 144 ) (1024 592 144 ) 
4 85 90 (1120 1024 144 ) (1120 592 144 ) (1024 592 144 ) (1024 1024 144 ) 
4 86 140 (1024 576 272 ) (1024 576 144 ) (1024 496 144 ) (1024 496 272 ) 
3 87 140 (1024 470.818695 271.812012 ) (1024 272 144 ) (1024 272 271.812012 ) 
4 87 88 (1024 272 144 ) (1120 272 144 ) (1120 272 271.812012 ) (1024 272 271.812012 ) 
4 88 140 (1024 272 271.812012 ) (1024 272 144 ) (1024 240 144 ) (1024 240 271.812012 ) 
4 88 161 (1024 240 144 ) (1024 112 144 ) (1024 112 271.812012 ) (1024 240 271.812012 ) 
4 89 100 (1072 96 272 ) (1120 96 272 ) (1120 96 288 ) (1072 96 288 ) 
4 90 179 (1024 1024 15.937500 ) (1024 1024 -300 ) (1024 592 -300 ) (1024 592 15.937500 ) 
4 90 173 (1024 592 144 ) (1024 1024 144 ) (1024 1024 15.937500 ) (1024 592 15.937500 ) 
4 90 91 (1120 592 139.938019 ) (1120 592 144 ) (1024 592 144 ) (1024 592 139.938019 ) 
4 90 92 (1024 592 -300 ) (1120 592 -300 ) (1120 592 15.937500 ) (1024 592 15.937500 ) 
4 91 174 (1024 576 139.938019 ) (1024 576 144 ) (1024 592 144 ) (1024 592 139.938019 ) 
4 92 179 (1024 576 -300 ) (1024 576 15.937500 ) (1024 592 15.937500 ) (1024 592 -300 ) 
4 92 97 (1120 576 -300 ) (1120 576 8 ) (1024 576 8 ) (1024 576 -300 ) 
4 93 181 (1024 496 139.811996 ) (1024 576 139.811996 ) (1024 576 96 ) (1024 496 96 ) 
4 93 94 (1120 496 96 ) (1120 496 139.811996 ) (1024 496 139.811996 ) (1024 496 96 ) 
4 94 189 (1024 240 139.811996 ) (1024 496 139.811996 ) (1024 496 16 ) (1024 240 16 ) 
4 95 190 (1024 240 15.937500 ) (1024 240 8 ) (1024 234 8 ) (1024 234 15.937500 ) 
4 95 97 (1120 240 8 ) (1120 234 8 ) (1024 234 8 ) (1024 240 8 ) 
4 95 96 (1024 234 8 ) (1120 234 8 ) (1120 234 15.937500 ) (1024 234 15.937500 ) 
4 96 206 (1024 96 15.875000 ) (1024 96 139.811996 ) (1024 112 139.811996 ) (1024 112 15.875000 ) 
4 96 207 (1024 96 8 ) (1024 96 15.875000 ) (1024 112 15.875000 ) (1024 112 8 ) 
4 96 191 (1024 112 139.811996 ) (1024 234 139.811996 ) (1024 234 8 ) (1024 112 8 ) 
4 96 103 (1024 96 136 ) (1024 96 8 ) (1120 96 8 ) (1120 96 136 ) 
4 96 102 (1056 96 136 ) (1120 96 136 ) (1120 96 139.811996 ) (1056 96 139.811996 ) 
4 96 97 (1120 234 8 ) (1120 96 8 ) (1024 96 8 ) (1024 234 8 ) 
4 97 211 (1024 96 -300 ) (1024 96 8 ) (1024 496 8 ) (1024 496 -300 ) 
4 97 182 (1024 496 8 ) (1024 576 8 ) (1024 576 -300 ) (1024 496 -300 ) 
4 97 103 (1024 96 8 ) (1024 96 -300 ) (1120 96 -300 ) (1120 96 8 ) 
4 98 243 (2048 0 432 ) (2048 0 1160.369995 ) (1072 0 1160.369995 ) (1072 0 432 ) 
4 98 100 (1072 96 432 ) (2048 96 432 ) (2048 0 432 ) (1072 0 432 ) 
4 98 99 (1072 0 448 ) (1072 0 1160.369995 ) (1072 96 1160.369995 ) (1072 96 448 ) 
4 99 244 (1072 0 1160.369995 ) (1024 0 1160.369995 ) (1024 0 448 ) (1072 0 448 ) 
4 99 106 (1024 0 448 ) (1024 0 1160.369995 ) (1024 96 1160.369995 ) (1024 96 448 ) 
4 100 246 (2048 0 144 ) (2048 0 432 ) (1072 0 432 ) (1072 0 144 ) 
4 100 102 (2048 0 144 ) (1072 0 144 ) (1072 96 144 ) (2048 96 144 ) 
4 101 249 (1024 0 272 ) (1024 0 144 ) (1056 0 144 ) (1056 0 272 ) 
4 101 168 (1024 0 144 ) (1024 0 272 ) (1024 96 272 ) (1024 96 144 ) 
4 102 248 (2048 0 136 ) (2048 0 144 ) (1056 0 144 ) (1056 0 136 ) 
4 102 103 (1056 96 136 ) (2048 96 136 ) (2048 0 136 ) (1056 0 136 ) 
4 103 252 (1056 0 136 ) (1024 0 136 ) (1024 0 -300 ) (1056 0 -300 ) 
4 103 248 (2048 0 -300 ) (2048 0 136 ) (1056 0 136 ) (1056 0 -300 ) 
4 103 211 (1024 0 -300 ) (1024 0 8 ) (1024 96 8 ) (1024 96 -300 ) 
4 103 210 (1024 0 8 ) (1024 0 136 ) (1024 96 136 ) (1024 96 8 ) 
4 104 179 (1024 1024 -300 ) (1024 1024 15.937500 ) (0 1024 15.937500 ) (0 1024 -300 ) 
4 104 173 (1024 1024 15.937500 ) (1024 1024 144 ) (0 1024 144 ) (0 1024 15.937500 ) 
4 104 133 (1024 1024 144 ) (1024 1024 288 ) (0 1024 288 ) (0 1024 144 ) 
4 104 116 (768 1024 432 ) (320 1024 432 ) (320 1024 288 ) (768 1024 288 ) 
4 104 117 (320 1024 432 ) (0 1024 432 ) (0 1024 288 ) (320 1024 288 ) 
4 104 110 (1024 1024 288 ) (1024 1024 432 ) (768 1024 432 ) (768 1024 288 ) 
4 104 107 (1024 1024 432 ) (1024 1024 448 ) (320 1024 448 ) (320 1024 432 ) 
4 104 108 (320 1024 448 ) (0 1024 448 ) (0 1024 432 ) (320 1024 432 ) 
4 104 106 (1024 1024 448 ) (1024 1024 1160.369995 ) (0 1024 1160.369995 ) (0 1024 448 ) 
4 104 105 (0 2048 1160.369995 ) (0 2048 -300 ) (0 1024 -300 ) (0 1024 1160.369995 ) 
4 105 239 (-1024 1024 -300 ) (-1024 1024 1160.369995 ) (-1024 2048 1160.369995 ) (-1024 2048 -300 ) 
4 105 236 (0 1024 -300 ) (0 1024 1160.369995 ) (-1024 1024 1160.369995 ) (-1024 1024 -300 ) 
4 106 257 (1024 0 448 ) (1024 0 1160.369995 ) (408 0 1160.369995 ) (408 0 448 ) 
4 106 258 (408 0 1160.369995 ) (0 0 1160.369995 ) (0 0 448 ) (408 0 448 ) 
4 106 236 (0 1024 1160.369995 ) (0 1024 448 ) (0 0 448 ) (0 0 1160.369995 ) 
4 106 109 (408 0 448 ) (0 0 448 ) (0 96 448 ) (408 96 448 ) 
4 106 107 (320 1024 448 ) (1024 1024 448 ) (1024 592 448 ) (320 592 448 ) 
4 106 108 (0 96 448 ) (0 1024 448 ) (320 1024 448 ) (320 96 448 ) 
4 107 116 (320 1024 432 ) (768 1024 432 ) (768 592 432 ) (320 592 432 ) 
4 107 110 (768 1024 432 ) (1024 1024 432 ) (1024 592 432 ) (768 592 432 ) 
4 107 108 (320 1024 432 ) (320 592 432 ) (320 592 448 ) (320 1024 448 ) 
4 108 236 (0 1024 448 ) (0 1024 432 ) (0 96 432 ) (0 96 448 ) 
4 108 130 (320 112 432 ) (320 96 432 ) (0 96 432 ) (0 112 432 ) 
4 108 127 (320 240 432 ) (320 112 432 ) (0 112 432 ) (0 240 432 ) 
4 108 121 (320 576 432 ) (320 240 432 ) (0 240 432 ) (0 576 432 ) 
4 108 117 (0 1024 432 ) (320 1024 432 ) (320 576 432 ) (0 576 432 ) 
4 108 109 (0 96 432 ) (320 96 432 ) (320 96 448 ) (0 96 448 ) 
4 109 258 (408 0 448 ) (0 0 448 ) (0 0 432 ) (408 0 432 ) 
4 109 236 (0 96 432 ) (0 0 432 ) (0 0 448 ) (0 96 448 ) 
4 109 132 (408 0 432 ) (0 0 432 ) (0 96 432 ) (408 96 432 ) 
4 110 133 (768 1024 288 ) (1024 1024 288 ) (1024 592 288 ) (768 592 288 ) 
4 110 116 (768 1024 288 ) (768 592 288 ) (768 592 432 ) (768 1024 432 ) 
4 111 112 (928 264 288 ) (928 216 288 ) (928 216 395 ) (928 264 395 ) 
4 112 113 (912 264 288 ) (912 216 288 ) (912 216 395 ) (912 264 395 ) 
4 113 128 (782 112 288 ) (784 112 288 ) (784 112 395 ) (782 112 395 ) 
4 113 115 (782 224 288 ) (782 112 288 ) (782 112 432 ) (782 224 432 ) 
4 113 114 (782 526 288 ) (782 478 288 ) (782 478 395 ) (782 526 395 ) 
4 114 118 (768 526 288 ) (768 478 288 ) (768 478 395 ) (768 526 395 ) 
4 115 128 (768 112 288 ) (782 112 288 ) (782 112 395 ) (768 112 395 ) 
4 115 123 (768 224 288 ) (768 112 288 ) (768 112 432 ) (768 224 432 ) 
4 116 133 (320 1024 288 ) (768 1024 288 ) (768 592 288 ) (320 592 288 ) 
4 116 117 (320 1024 288 ) (320 592 288 ) (320 592 432 ) (320 1024 432 ) 
4 117 236 (0 1024 432 ) (0 1024 288 ) (0 576 288 ) (0 576 432 ) 
4 117 135 (0 576 288 ) (0 592 288 ) (320 592 288 ) (320 576 288 ) 
4 117 133 (0 592 288 ) (0 1024 288 ) (320 1024 288 ) (320 592 288 ) 
4 117 121 (0 576 288 ) (320 576 288 ) (320 576 432 ) (0 576 432 ) 
4 118 136 (650 576 288 ) (768 576 288 ) (768 456 288 ) (650 456 288 ) 
4 118 119 (488 576 432 ) (488 576 288 ) (488 460 288 ) (488 460 432 ) 
4 119 120 (472 576 432 ) (472 576 288 ) (472 460 288 ) (472 460 432 ) 
4 120 122 (368 240 288 ) (416 240 288 ) (416 240 395 ) (368 240 395 ) 
4 121 236 (0 576 288 ) (0 240 288 ) (0 240 432 ) (0 576 432 ) 
4 121 165 (224 539.668945 288 ) (224 530.039246 288 ) (160 530.039185 288 ) (160 539.669006 288 ) 
4 121 164 (160 576 288 ) (224 576 288 ) (224 539.668945 288 ) (160 539.669006 288 ) 
4 121 163 (224 530.039246 288 ) (224 240 288 ) (160 240 288 ) (160 530.039185 288 ) 
4 121 162 (224 576 288 ) (320 576 288 ) (320 240 288 ) (224 240 288 ) 
4 121 167 (0 240 288 ) (0 576 288 ) (160 576 288 ) (160 240 288 ) 
4 121 127 (0 240 288 ) (320 240 288 ) (320 240 432 ) (0 240 432 ) 
4 122 125 (368 224 395 ) (368 224 288 ) (416 224 288 ) (416 224 395 ) 
4 123 137 (768 208 288 ) (768 128 288 ) (611 128 288 ) (611 208 288 ) 
4 123 128 (736 112 288 ) (768 112 288 ) (768 112 395 ) (736 112 395 ) 
4 123 124 (604 224 432 ) (604 224 412.458008 ) (604 112 412.458008 ) (604 112 432 ) 
4 124 125 (521 224 432 ) (521 224 412.458008 ) (521 112 412.458008 ) (521 112 432 ) 
4 125 129 (448 112 288 ) (495 112 288 ) (495 112 395 ) (448 112 395 ) 
4 125 126 (368 224 288 ) (368 112 288 ) (368 112 432 ) (368 224 432 ) 
4 127 236 (0 240 288 ) (0 112 288 ) (0 112 432 ) (0 240 432 ) 
4 127 163 (160 240 288 ) (224 240 288 ) (224 112 288 ) (160 112 288 ) 
4 127 162 (224 240 288 ) (320 240 288 ) (320 112 288 ) (224 112 288 ) 
4 127 167 (0 112 288 ) (0 240 288 ) (160 240 288 ) (160 112 288 ) 
4 127 130 (0 112 288 ) (320 112 288 ) (320 112 432 ) (0 112 432 ) 
4 128 131 (736 96 288 ) (784 96 288 ) (784 96 395 ) (736 96 395 ) 
4 129 131 (448 96 288 ) (495 96 288 ) (495 96 395 ) (448 96 395 ) 
4 130 236 (0 112 288 ) (0 96 288 ) (0 96 432 ) (0 112 432 ) 
4 130 163 (160 112 288 ) (224 112 288 ) (224 96 288 ) (160 96 288 ) 
4 130 162 (224 112 288 ) (320 112 288 ) (320 96 288 ) (224 96 288 ) 
4 130 167 (0 96 288 ) (0 112 288 ) (160 112 288 ) (160 96 288 ) 
4 130 132 (0 96 288 ) (320 96 288 ) (320 96 432 ) (0 96 432 ) 
4 131 265 (544 0 432 ) (424 0 432 ) (424 0 288 ) (544 0 288 ) 
4 131 262 (789 0 432 ) (544 0 432 ) (544 0 288 ) (789 0 288 ) 
4 131 261 (800 0 432 ) (789 0 432 ) (789 0 288 ) (800 0 288 ) 
4 131 170 (800 0 288 ) (520 0 288 ) (520 96 288 ) (800 96 288 ) 
4 132 266 (408 0 432 ) (0 0 432 ) (0 0 288 ) (408 0 288 ) 
4 132 236 (0 96 288 ) (0 0 288 ) (0 0 432 ) (0 96 432 ) 
4 132 172 (408 0 288 ) (0 0 288 ) (0 96 288 ) (408 96 288 ) 
4 133 236 (0 1024 288 ) (0 1024 144 ) (0 592 144 ) (0 592 288 ) 
4 133 173 (0 1024 144 ) (1024 1024 144 ) (1024 592 144 ) (0 592 144 ) 
4 133 135 (0 592 144 ) (320 592 144 ) (320 592 288 ) (0 592 288 ) 
4 133 134 (685 592 144 ) (733 592 144 ) (733 592 251 ) (685 592 251 ) 
4 134 146 (685 576 144 ) (733 576 144 ) (733 576 147.240021 ) (685 576 147.240021 ) 
4 134 143 (733 576 147.240021 ) (733 576 251 ) (685 576 251 ) (685 576 147.240021 ) 
4 135 236 (0 592 144 ) (0 576 144 ) (0 576 288 ) (0 592 288 ) 
4 135 178 (320 576 144 ) (0 576 144 ) (0 592 144 ) (320 592 144 ) 
4 135 164 (160 576 144 ) (224 576 144 ) (224 576 288 ) (160 576 288 ) 
4 135 162 (224 576 144 ) (320 576 144 ) (320 576 288 ) (224 576 288 ) 
4 135 167 (0 576 144 ) (160 576 144 ) (160 576 288 ) (0 576 288 ) 
4 136 141 (652 576 271.812012 ) (768 576 271.812012 ) (768 456 271.812012 ) (652 456 271.812012 ) 
4 136 147 (650 576 271.812012 ) (652 576 271.812012 ) (652 456 271.812012 ) (650 456 271.812012 ) 
4 137 138 (768 128 284 ) (611 128 284 ) (611 208 284 ) (768 208 284 ) 
4 138 139 (768 128 276 ) (611 128 276 ) (611 208 276 ) (768 208 276 ) 
4 139 161 (611 128 271.812012 ) (611 208 271.812012 ) (768 208 271.812012 ) (768 128 271.812012 ) 
4 140 148 (782 240 271.543030 ) (782 240 271.812012 ) (782 336 271.812012 ) (782 336 271.543030 ) 
4 140 144 (782 336 271.812012 ) (782 352 271.812012 ) (782 352 271.543030 ) (782 336 271.543030 ) 
4 140 142 (782 382 271.812012 ) (782 576 271.812012 ) (782 576 271.543030 ) (782 382 271.543030 ) 
4 140 161 (1024 240 271.812012 ) (782 240 271.812012 ) (782 240 144 ) (1024 240 144 ) 
4 141 144 (782 336 271.696991 ) (768 336 271.696991 ) (768 352 271.696991 ) (782 352 271.696991 ) 
4 141 145 (768 336 271.696991 ) (652 336 271.696991 ) (652 352 271.696991 ) (768 352 271.696991 ) 
4 141 143 (652 382 271.696991 ) (652 576 271.696991 ) (768 576 271.696991 ) (768 382 271.696991 ) 
4 141 142 (768 576 271.696991 ) (782 576 271.696991 ) (782 382 271.696991 ) (768 382 271.696991 ) 
4 143 146 (652 382 147.240021 ) (652 576 147.240021 ) (768 576 147.240021 ) (768 382 147.240021 ) 
4 143 147 (652 382 271.812012 ) (652 576 271.812012 ) (652 576 147.240021 ) (652 382 147.240021 ) 
4 144 148 (782 336 271.543030 ) (782 336 271.812012 ) (768 336 271.812012 ) (768 336 271.543030 ) 
4 145 153 (674 336 271.812012 ) (652 336 271.812012 ) (652 336 271.543030 ) (674 336 271.543030 ) 
4 145 151 (674 336 255 ) (674 336 147.240021 ) (722 336 147.240021 ) (722 336 255 ) 
4 145 149 (768 336 271.812012 ) (722 336 271.812012 ) (722 336 271.543030 ) (768 336 271.543030 ) 
4 145 146 (768 336 147.240021 ) (652 336 147.240021 ) (652 352 147.240021 ) (768 352 147.240021 ) 
4 145 147 (652 336 147.240021 ) (652 336 271.812012 ) (652 352 271.812012 ) (652 352 147.240021 ) 
4 146 151 (674 336 144 ) (722 336 144 ) (722 336 147.240021 ) (674 336 147.240021 ) 
4 146 147 (652 336 144 ) (652 336 147.240021 ) (652 576 147.240021 ) (652 576 144 ) 
4 147 155 (650 336 271.812012 ) (650 576 271.812012 ) (650 576 271.543030 ) (650 336 271.543030 ) 
4 147 153 (650 336 271.812012 ) (650 336 271.543030 ) (652 336 271.543030 ) (652 336 271.812012 ) 
4 148 149 (768 336 271.812012 ) (768 336 271.543030 ) (768 322 271.543030 ) (768 322 271.812012 ) 
4 148 150 (768 322 271.543030 ) (768 240 271.543030 ) (768 240 271.812012 ) (768 322 271.812012 ) 
4 148 161 (782 240 271.812012 ) (768 240 271.812012 ) (768 240 271.543030 ) (782 240 271.543030 ) 
4 149 150 (722 322 271.812012 ) (722 322 271.543030 ) (768 322 271.543030 ) (768 322 271.812012 ) 
4 150 152 (722 322 144 ) (722 240 144 ) (722 240 271.812012 ) (722 322 271.812012 ) 
4 150 161 (768 240 271.812012 ) (722 240 271.812012 ) (722 240 144 ) (768 240 144 ) 
4 151 152 (674 322 255 ) (674 322 144 ) (722 322 144 ) (722 322 255 ) 
4 152 154 (674 322 144 ) (674 240 144 ) (674 240 271.812012 ) (674 322 271.812012 ) 
4 152 161 (722 240 271.812012 ) (674 240 271.812012 ) (674 240 144 ) (722 240 144 ) 
4 153 155 (650 322 271.812012 ) (650 336 271.812012 ) (650 336 271.543030 ) (650 322 271.543030 ) 
4 153 154 (650 322 271.812012 ) (650 322 271.543030 ) (674 322 271.543030 ) (674 322 271.812012 ) 
4 154 155 (650 240 271.543030 ) (650 240 271.812012 ) (650 322 271.812012 ) (650 322 271.543030 ) 
4 154 161 (674 240 271.812012 ) (650 240 271.812012 ) (650 240 144 ) (674 240 144 ) 
4 155 157 (640 240 271.543030 ) (640 240 271.812012 ) (640 252 271.812012 ) (640 252 271.543030 ) 
4 155 156 (640 252 271.812012 ) (640 576 271.812012 ) (640 576 271.543030 ) (640 252 271.543030 ) 
4 155 161 (650 240 271.812012 ) (640 240 271.812012 ) (640 240 271.543030 ) (650 240 271.543030 ) 
4 156 217 (402 384 144 ) (402 494 144 ) (420 494 144 ) (420 384 144 ) 
4 156 216 (402 494 144 ) (402 576 144 ) (420 576 144 ) (420 494 144 ) 
4 156 213 (420 576 144 ) (424 576 144 ) (424 496 144 ) (420 496 144 ) 
4 156 180 (424 576 144 ) (544 576 144 ) (544 496 144 ) (424 496 144 ) 
4 156 158 (402 252 271.812012 ) (402 576 271.812012 ) (402 576 144 ) (402 252 144 ) 
4 156 157 (402 252 271.812012 ) (402 252 271.543030 ) (640 252 271.543030 ) (640 252 271.812012 ) 
4 157 161 (640 240 271.812012 ) (402 240 271.812012 ) (402 240 271.543030 ) (640 240 271.543030 ) 
4 158 217 (354 384 144 ) (354 494 144 ) (402 494 144 ) (402 384 144 ) 
4 158 216 (354 494 144 ) (354 576 144 ) (402 576 144 ) (402 494 144 ) 
4 158 160 (354 252 271.812012 ) (354 576 271.812012 ) (354 576 144 ) (354 252 144 ) 
4 158 159 (354 252 252 ) (354 252 144 ) (402 252 144 ) (402 252 252 ) 
4 159 161 (354 240 252 ) (354 240 144 ) (402 240 144 ) (402 240 252 ) 
4 160 217 (328 384 144 ) (328 494 144 ) (354 494 144 ) (354 384 144 ) 
4 160 216 (328 494 144 ) (328 576 144 ) (354 576 144 ) (354 494 144 ) 
4 162 221 (224 384 144 ) (224 576 144 ) (320 576 144 ) (320 384 144 ) 
4 162 172 (224 96 144 ) (320 96 144 ) (320 96 288 ) (224 96 288 ) 
3 162 166 (224 241.659973 144 ) (224 232.009094 144 ) (224 240 147.860641 ) 
4 162 165 (224 298.238037 176 ) (224 530.039185 288 ) (224 539.669006 288 ) (224 299.897156 172.140610 ) 
4 162 164 (224 576 288 ) (224 576 144 ) (224 241.659973 144 ) (224 539.669006 288 ) 
4 162 163 (224 232.009094 144 ) (224 96 144 ) (224 96 288 ) (224 530.039185 288 ) 
4 163 226 (160 176 144 ) (160 232.009079 144 ) (224 232.009094 144 ) (224 176 144 ) 
4 163 172 (160 96 144 ) (224 96 144 ) (224 96 288 ) (160 96 288 ) 
4 163 166 (160 232.003510 144 ) (160 239.998337 147.862869 ) (224 240 147.860672 ) (224 232.009003 144 ) 
4 163 165 (160 298.237122 176.002136 ) (160 530.034912 288 ) (224 530.039124 288 ) (224 298.238007 176 ) 
4 163 167 (160 232.009094 144 ) (160 96 144 ) (160 96 288 ) (160 530.039185 288 ) 
4 164 221 (160 384 144 ) (160 576 144 ) (224 576 144 ) (224 384 144 ) 
4 164 165 (160 539.666382 288 ) (160 299.896759 172.141632 ) (224 299.896759 172.141571 ) (224 539.666443 288 ) 
4 164 167 (160 576 288 ) (160 576 144 ) (160 241.659973 144 ) (160 539.669006 288 ) 
4 165 167 (160 298.238037 176 ) (160 530.039185 288 ) (160 539.669006 288 ) (160 299.897156 172.140610 ) 
4 166 226 (160 232.009079 144 ) (160 240 144 ) (224 240 144 ) (224 232.009094 144 ) 
3 166 167 (160 241.659973 144 ) (160 232.009094 144 ) (160 240 147.860641 ) 
4 167 236 (0 576 144 ) (0 96 144 ) (0 96 288 ) (0 576 288 ) 
4 167 234 (160 96 144 ) (0 96 144 ) (0 112 144 ) (160 112 144 ) 
4 167 230 (0 112 144 ) (0 368 144 ) (96 368 144 ) (96 112 144 ) 
4 167 223 (0 368 144 ) (0 384 144 ) (160 384 144 ) (160 368 144 ) 
4 167 221 (0 384 144 ) (0 576 144 ) (160 576 144 ) (160 384 144 ) 
4 167 172 (0 96 144 ) (160 96 144 ) (160 96 288 ) (0 96 288 ) 
4 168 267 (1024 0 144 ) (1024 0 272 ) (816 0 272 ) (816 0 144 ) 
4 168 169 (816 68 144 ) (816 20 144 ) (816 20 251 ) (816 68 251 ) 
4 169 170 (800 68 144 ) (800 20 144 ) (800 20 251 ) (800 68 251 ) 
4 170 270 (800 0 288 ) (520 0 288 ) (520 0 144 ) (800 0 144 ) 
4 170 171 (520 96 272 ) (520 96 144 ) (520 0 144 ) (520 0 272 ) 
4 171 272 (424 0 272 ) (424 0 144 ) (520 0 144 ) (520 0 272 ) 
4 172 273 (408 0 288 ) (0 0 288 ) (0 0 144 ) (408 0 144 ) 
4 172 236 (0 96 144 ) (0 0 144 ) (0 0 288 ) (0 96 288 ) 
4 172 233 (408 0 144 ) (160 0 144 ) (160 96 144 ) (408 96 144 ) 
4 172 234 (160 0 144 ) (0 0 144 ) (0 96 144 ) (160 96 144 ) 
4 173 236 (0 1024 144 ) (0 1024 15.937500 ) (0 592 15.937500 ) (0 592 144 ) 
4 173 179 (0 592 15.937500 ) (0 1024 15.937500 ) (1024 1024 15.937500 ) (1024 592 15.937500 ) 
4 173 177 (640 592 15.937500 ) (685 592 15.937500 ) (685 592 144 ) (640 592 144 ) 
4 173 178 (0 592 15.937500 ) (320 592 15.937500 ) (320 592 144 ) (0 592 144 ) 
4 173 176 (685 592 15.937500 ) (733 592 15.937500 ) (733 592 139.906006 ) (685 592 139.906006 ) 
4 173 175 (733 592 15.937500 ) (912 592 15.937500 ) (912 592 144 ) (733 592 144 ) 
4 173 174 (1024 592 139.938019 ) (1024 592 144 ) (912 592 144 ) (912 592 139.938019 ) 
4 174 175 (912 592 144 ) (912 592 139.938019 ) (912 576 139.938019 ) (912 576 144 ) 
4 175 183 (733 576 139.811996 ) (733 576 15.937500 ) (906 576 15.937500 ) (906 576 139.811996 ) 
4 175 179 (912 576 15.937500 ) (733 576 15.937500 ) (733 592 15.937500 ) (912 592 15.937500 ) 
4 175 176 (733 592 139.906006 ) (733 592 15.937500 ) (733 576 15.937500 ) (733 576 139.906006 ) 
4 176 183 (685 576 139.906006 ) (685 576 15.937500 ) (733 576 15.937500 ) (733 576 139.906006 ) 
4 176 179 (733 576 15.937500 ) (685 576 15.937500 ) (685 592 15.937500 ) (733 592 15.937500 ) 
4 176 177 (685 592 139.906006 ) (685 592 15.937500 ) (685 576 15.937500 ) (685 576 139.906006 ) 
4 177 183 (640 576 139.811996 ) (640 576 15.937500 ) (685 576 15.937500 ) (685 576 139.811996 ) 
4 177 179 (685 576 15.937500 ) (640 576 15.937500 ) (640 592 15.937500 ) (685 592 15.937500 ) 
4 178 236 (0 592 15.937500 ) (0 576 15.937500 ) (0 576 144 ) (0 592 144 ) 
4 178 221 (320 576 144 ) (0 576 144 ) (0 576 15.937500 ) (320 576 15.937500 ) 
4 178 179 (320 576 15.937500 ) (0 576 15.937500 ) (0 592 15.937500 ) (320 592 15.937500 ) 
4 179 236 (0 1024 15.937500 ) (0 1024 -300 ) (0 576 -300 ) (0 576 15.937500 ) 
4 179 220 (320 576 8 ) (326 576 8 ) (326 576 15.937500 ) (320 576 15.937500 ) 
4 179 221 (0 576 15.937500 ) (0 576 8 ) (320 576 8 ) (320 576 15.937500 ) 
4 179 224 (0 576 8 ) (0 576 -300 ) (420 576 -300 ) (420 576 8 ) 
4 179 215 (420 576 -300 ) (424 576 -300 ) (424 576 8 ) (420 576 8 ) 
4 179 188 (424 576 -300 ) (640 576 -300 ) (640 576 8 ) (424 576 8 ) 
4 179 184 (640 576 -300 ) (912 576 -300 ) (912 576 15.937500 ) (640 576 15.937500 ) 
4 179 182 (912 576 -300 ) (1024 576 -300 ) (1024 576 8 ) (912 576 8 ) 
4 180 213 (424 576 144 ) (424 576 139.811996 ) (424 496 139.811996 ) (424 496 144 ) 
4 180 185 (544 496 139.811996 ) (424 496 139.811996 ) (424 576 139.811996 ) (544 576 139.811996 ) 
4 181 189 (1024 496 96 ) (1024 496 139.811996 ) (912 496 139.811996 ) (912 496 96 ) 
4 182 211 (1024 496 -300 ) (1024 496 8 ) (912 496 8 ) (912 496 -300 ) 
4 182 184 (912 496 -300 ) (912 496 8 ) (912 576 8 ) (912 576 -300 ) 
4 183 184 (640 506 15.937500 ) (640 576 15.937500 ) (906 576 15.937500 ) (906 506 15.937500 ) 
4 184 211 (912 496 -300 ) (912 496 8 ) (640 496 8 ) (640 496 -300 ) 
4 184 192 (782 496 15.937500 ) (768 496 15.937500 ) (768 496 8 ) (782 496 8 ) 
4 184 188 (640 496 -300 ) (640 496 8 ) (640 576 8 ) (640 576 -300 ) 
4 185 213 (424 576 139.811996 ) (424 576 136 ) (424 496 136 ) (424 496 139.811996 ) 
4 185 187 (544 496 136 ) (424 496 136 ) (424 576 136 ) (544 576 136 ) 
4 186 212 (424 576 71.870934 ) (424 576 16 ) (424 496 16 ) (424 496 71.870941 ) 
3 186 200 (424 496 71.870934 ) (424 496 16 ) (528.968018 496 16 ) 
4 187 213 (424 576 136 ) (424 576 79.870979 ) (424 496 79.870987 ) (424 496 136 ) 
5 187 200 (424 496 136 ) (424 496 79.870979 ) (544 496 16 ) (628 496 16 ) (628 496 136 ) 
4 188 215 (424 576 8 ) (424 576 -300 ) (424 496 -300 ) (424 496 8 ) 
4 188 211 (424 496 8 ) (424 496 -300 ) (640 496 -300 ) (640 496 8 ) 
4 189 193 (782 416 16 ) (782 368 16 ) (782 368 123 ) (782 416 123 ) 
4 190 211 (1024 240 8 ) (1024 234 8 ) (782 234 8 ) (782 240 8 ) 
4 190 194 (782 240 8 ) (782 234 8 ) (782 234 15.937500 ) (782 240 15.937500 ) 
4 190 191 (782 234 15.937500 ) (782 234 8 ) (1024 234 8 ) (1024 234 15.937500 ) 
4 191 211 (1024 234 8 ) (1024 112 8 ) (782 112 8 ) (782 234 8 ) 
4 191 206 (1024 112 15.875000 ) (1024 112 139.811996 ) (782 112 139.811996 ) (782 112 15.875000 ) 
4 191 207 (782 112 8 ) (1024 112 8 ) (1024 112 15.875000 ) (782 112 15.875000 ) 
4 191 194 (782 234 8 ) (782 112 8 ) (782 112 16 ) (782 234 16 ) 
4 192 211 (768 496 8 ) (782 496 8 ) (782 416 8 ) (768 416 8 ) 
4 193 195 (768 368 16 ) (768 368 123 ) (768 416 123 ) (768 416 16 ) 
4 194 211 (782 368 8 ) (782 112 8 ) (768 112 8 ) (768 368 8 ) 
4 194 207 (768 112 8 ) (782 112 8 ) (782 112 16 ) (768 112 16 ) 
4 195 205 (640 240 16 ) (640 112 16 ) (640 112 136 ) (640 240 136 ) 
4 195 203 (640 112 136 ) (640 112 139.811996 ) (640 240 139.811996 ) (640 240 136 ) 
4 195 196 (640 464 16 ) (640 416 16 ) (640 416 123 ) (640 464 123 ) 
4 196 200 (628 464 123 ) (628 464 16 ) (628 416 16 ) (628 416 123 ) 
4 197 211 (640 368 8 ) (640 252 8 ) (628 252 8 ) (628 368 8 ) 
4 197 204 (628 252 8 ) (640 252 8 ) (640 252 16 ) (628 252 16 ) 
4 197 201 (628 368 8 ) (628 358 8 ) (628 358 16 ) (628 368 16 ) 
4 197 202 (628 358 8 ) (628 252 8 ) (628 252 16 ) (628 358 16 ) 
4 198 200 (624 496 136 ) (628 496 136 ) (628 384 136 ) (624 384 136 ) 
4 199 202 (628 358 136 ) (628 252 136 ) (624 252 136 ) (624 358 136 ) 
4 200 214 (424 496 136 ) (424 496 16 ) (424 384 16 ) (424 384 136 ) 
4 201 211 (424 358 8 ) (424 368 8 ) (628 368 8 ) (628 358 8 ) 
4 201 202 (424 358 8 ) (628 358 8 ) (628 358 15.937500 ) (424 358 15.937500 ) 
4 202 211 (424 252 8 ) (424 358 8 ) (628 358 8 ) (628 252 8 ) 
4 202 204 (424 252 15.937500 ) (424 252 8 ) (628 252 8 ) (628 252 15.937500 ) 
4 203 205 (640 240 136 ) (640 112 136 ) (624 112 136 ) (624 240 136 ) 
4 204 211 (424 240 8 ) (424 252 8 ) (640 252 8 ) (640 240 8 ) 
4 205 228 (424 160 123 ) (424 208 123 ) (424 208 16 ) (424 160 16 ) 
4 206 208 (816 96 139.811996 ) (800 96 139.811996 ) (800 96 136 ) (816 96 136 ) 
4 206 210 (782 96 15.875000 ) (1024 96 15.875000 ) (1024 96 136 ) (782 96 136 ) 
4 206 207 (1024 96 15.875000 ) (782 96 15.875000 ) (782 112 15.875000 ) (1024 112 15.875000 ) 
4 207 235 (424 112 15.875000 ) (424 112 8 ) (424 96 8 ) (424 96 15.875000 ) 
4 207 211 (424 96 8 ) (424 112 8 ) (1024 112 8 ) (1024 96 8 ) 
4 207 210 (424 96 15.875000 ) (424 96 8 ) (1024 96 8 ) (1024 96 15.875000 ) 
4 208 210 (800 68 136 ) (800 96 136 ) (816 96 136 ) (816 68 136 ) 
4 209 274 (816 0 144 ) (800 0 144 ) (800 0 136 ) (816 0 136 ) 
4 209 210 (816 0 136 ) (800 0 136 ) (800 20 136 ) (816 20 136 ) 
4 210 276 (1024 0 8 ) (1024 0 136 ) (424 0 136 ) (424 0 8 ) 
4 210 235 (424 0 8 ) (424 0 15.875000 ) (424 96 15.875000 ) (424 96 8 ) 
4 210 233 (424 0 15.875000 ) (424 0 136 ) (424 96 136 ) (424 96 15.875000 ) 
4 210 211 (424 0 8 ) (424 96 8 ) (1024 96 8 ) (1024 0 8 ) 
4 211 276 (1024 0 -300 ) (1024 0 8 ) (424 0 8 ) (424 0 -300 ) 
4 211 235 (424 0 -300 ) (424 0 8 ) (424 112 8 ) (424 112 -300 ) 
4 211 232 (424 112 8 ) (424 368 8 ) (424 368 -300 ) (424 112 -300 ) 
4 211 215 (424 368 8 ) (424 496 8 ) (424 496 -300 ) (424 368 -300 ) 
4 212 219 (420 576 74 ) (420 576 16 ) (420 496 16 ) (420 496 74 ) 
4 212 214 (420 496 74 ) (420 496 16 ) (424 496 16 ) (424 496 71.870941 ) 
4 213 216 (420 576 144 ) (420 576 82 ) (420 496 82 ) (420 496 144 ) 
4 213 214 (420 496 136 ) (420 496 82 ) (424 496 79.870987 ) (424 496 136 ) 
4 214 219 (420 384 16 ) (420 384 74 ) (420 496 74 ) (420 496 16 ) 
4 214 218 (420 384 74 ) (420 384 136 ) (420 384.762939 136 ) (420 494 74 ) 
3 214 217 (420 398.095367 136 ) (420 494 136 ) (420 494 81.567993 ) 
4 214 216 (420 494 136 ) (420 496 136 ) (420 496 82 ) (420 494 82 ) 
4 215 232 (424 368 -300 ) (424 368 8 ) (420 368 8 ) (420 368 -300 ) 
4 215 224 (420 576 8 ) (420 576 -300 ) (420 368 -300 ) (420 368 8 ) 
4 216 217 (328 494 144 ) (328 494 82 ) (420 494 82 ) (420 494 144 ) 
4 218 219 (420 384 74 ) (328 384 74 ) (328 494 74 ) (420 494 74 ) 
4 220 222 (320 384 8 ) (326 384 8 ) (326 384 15.937500 ) (320 384 15.937500 ) 
4 220 224 (320 576 8 ) (326 576 8 ) (326 384 8 ) (320 384 8 ) 
4 220 221 (320 576 15.937500 ) (320 576 8 ) (320 384 8 ) (320 384 15.937500 ) 
4 221 236 (0 384 144 ) (0 576 144 ) (0 576 8 ) (0 384 8 ) 
4 221 222 (160 384 8 ) (320 384 8 ) (320 384 15.875000 ) (160 384 15.875000 ) 
4 221 223 (0 384 8 ) (160 384 8 ) (160 384 144 ) (0 384 144 ) 
4 221 224 (0 576 8 ) (320 576 8 ) (320 384 8 ) (0 384 8 ) 
4 222 224 (326 368 8 ) (160 368 8 ) (160 384 8 ) (326 384 8 ) 
4 222 223 (160 384 15.875000 ) (160 384 8 ) (160 368 8 ) (160 368 15.875000 ) 
4 223 236 (0 368 8 ) (0 368 144 ) (0 384 144 ) (0 384 8 ) 
4 223 231 (0 368 16 ) (0 368 8 ) (160 368 8 ) (160 368 16 ) 
4 223 230 (96 368 144 ) (0 368 144 ) (0 368 16 ) (96 368 16 ) 
4 223 224 (160 368 8 ) (0 368 8 ) (0 384 8 ) (160 384 8 ) 
4 224 236 (0 368 -300 ) (0 368 8 ) (0 576 8 ) (0 576 -300 ) 
4 224 232 (0 368 8 ) (0 368 -300 ) (420 368 -300 ) (420 368 8 ) 
4 225 229 (160 240 123 ) (160 240 16 ) (408 240 16 ) (408 240 123 ) 
4 225 227 (160 240 128 ) (160 240 123 ) (408 240 123 ) (408 240 128 ) 
4 226 227 (160 176 128 ) (160 240 128 ) (224 240 128 ) (224 176 128 ) 
4 227 229 (408 112 123 ) (160 112 123 ) (160 240 123 ) (408 240 123 ) 
4 228 229 (408 160 123 ) (408 208 123 ) (408 208 16 ) (408 160 16 ) 
4 230 236 (0 112 16 ) (0 112 144 ) (0 368 144 ) (0 368 16 ) 
4 230 234 (96 112 144 ) (0 112 144 ) (0 112 16 ) (96 112 16 ) 
4 230 231 (96 112 16 ) (0 112 16 ) (0 368 16 ) (96 368 16 ) 
4 231 236 (0 112 8 ) (0 112 16 ) (0 368 16 ) (0 368 8 ) 
4 231 235 (160 112 16 ) (0 112 16 ) (0 112 8 ) (160 112 8 ) 
4 231 232 (160 112 8 ) (0 112 8 ) (0 368 8 ) (160 368 8 ) 
4 232 236 (0 112 -300 ) (0 112 8 ) (0 368 8 ) (0 368 -300 ) 
4 232 235 (424 112 -300 ) (424 112 8 ) (0 112 8 ) (0 112 -300 ) 
4 233 276 (424 0 15.875000 ) (424 0 136 ) (160 0 136 ) (160 0 15.875000 ) 
4 233 275 (424 0 136 ) (424 0 144 ) (160 0 144 ) (160 0 136 ) 
4 233 235 (424 96 15.875000 ) (424 0 15.875000 ) (160 0 15.875000 ) (160 96 15.875000 ) 
4 233 234 (160 96 15.875000 ) (160 0 15.875000 ) (160 0 144 ) (160 96 144 ) 
4 234 276 (0 0 136 ) (0 0 15.875000 ) (160 0 15.875000 ) (160 0 136 ) 
4 234 275 (160 0 144 ) (0 0 144 ) (0 0 136 ) (160 0 136 ) 
4 234 236 (0 0 15.875000 ) (0 0 144 ) (0 112 144 ) (0 112 15.875000 ) 
4 234 235 (0 112 15.875000 ) (160 112 15.875000 ) (160 0 15.875000 ) (0 0 15.875000 ) 
4 235 276 (424 0 -300 ) (424 0 15.875000 ) (0 0 15.875000 ) (0 0 -300 ) 
4 235 236 (0 0 -300 ) (0 0 15.875000 ) (0 112 15.875000 ) (0 112 -300 ) 
4 236 284 (0 0 -300 ) (0 0 1160.369995 ) (-1024 0 1160.369995 ) (-1024 0 -300 ) 
4 236 240 (-1024 0 -300 ) (-1024 0 1160.369995 ) (-1024 1024 1160.369995 ) (-1024 1024 -300 ) 
4 237 239 (-1024 2048 -300 ) (-1024 2048 1160.369995 ) (-2048 2048 1160.369995 ) (-2048 2048 -300 ) 
4 237 238 (-2048 2048 -300 ) (-2048 2048 1160.369995 ) (-2048 2219.370117 1160.369995 ) (-2048 2219.370117 -300 ) 
4 238 241 (-2048 2048 -300 ) (-2048 2048 1160.369995 ) (-2105 2048 1160.369995 ) (-2105 2048 -300 ) 
4 239 241 (-2048 2048 1160.369995 ) (-2048 2048 -300 ) (-2048 1024 -300 ) (-2048 1024 1160.369995 ) 
4 239 240 (-1024 1024 -300 ) (-1024 1024 1160.369995 ) (-2048 1024 1160.369995 ) (-2048 1024 -300 ) 
4 240 309 (-1024 0 -300 ) (-1024 0 1160.369995 ) (-2048 0 1160.369995 ) (-2048 0 -300 ) 
4 240 242 (-2048 0 -300 ) (-2048 0 1160.369995 ) (-2048 1024 1160.369995 ) (-2048 1024 -300 ) 
4 241 242 (-2048 1024 -300 ) (-2048 1024 1160.369995 ) (-2105 1024 1160.369995 ) (-2105 1024 -300 ) 
4 242 313 (-2048 0 -300 ) (-2048 0 1160.369995 ) (-2105 0 1160.369995 ) (-2105 0 -300 ) 
4 243 254 (2048 -1024 432 ) (2048 -1024 1160.369995 ) (1072 -1024 1160.369995 ) (1072 -1024 432 ) 
4 243 246 (1072 0 432 ) (2048 0 432 ) (2048 -1024 432 ) (1072 -1024 432 ) 
4 243 244 (1072 -432 448 ) (1072 -432 1160.369995 ) (1072 0 1160.369995 ) (1072 0 448 ) 
4 243 245 (1072 -432 432 ) (1072 -1024 432 ) (1072 -1024 1160.369995 ) (1072 -432 1160.369995 ) 
4 244 277 (1024 -416 448 ) (1024 -432 448 ) (1024 -432 1160.369995 ) (1024 -416 1160.369995 ) 
4 244 257 (1024 0 1160.369995 ) (1024 0 448 ) (1024 -416 448 ) (1024 -416 1160.369995 ) 
4 244 245 (1072 -432 448 ) (1072 -432 1160.369995 ) (1024 -432 1160.369995 ) (1024 -432 448 ) 
4 245 278 (1024 -432 432 ) (1024 -1024 432 ) (1024 -1024 448 ) (1024 -432 448 ) 
4 245 277 (1024 -1024 448 ) (1024 -1024 1160.369995 ) (1024 -432 1160.369995 ) (1024 -432 448 ) 
4 245 254 (1072 -1024 1160.369995 ) (1024 -1024 1160.369995 ) (1024 -1024 432 ) (1072 -1024 432 ) 
4 245 251 (1024 -1024 432 ) (1024 -432 432 ) (1056 -432 432 ) (1056 -1024 432 ) 
4 245 247 (1056 -432 432 ) (1072 -432 432 ) (1072 -1024 432 ) (1056 -1024 432 ) 
4 246 254 (2048 -1024 144 ) (2048 -1024 432 ) (1072 -1024 432 ) (1072 -1024 144 ) 
4 246 248 (1072 0 144 ) (2048 0 144 ) (2048 -1024 144 ) (1072 -1024 144 ) 
4 246 247 (1072 -432 144 ) (1072 -1024 144 ) (1072 -1024 432 ) (1072 -432 432 ) 
4 247 254 (1072 -1024 432 ) (1056 -1024 432 ) (1056 -1024 144 ) (1072 -1024 144 ) 
4 247 251 (1056 -1024 144 ) (1056 -1024 432 ) (1056 -432 432 ) (1056 -432 144 ) 
4 247 248 (1056 -1024 144 ) (1056 -432 144 ) (1072 -432 144 ) (1072 -1024 144 ) 
4 248 256 (2048 -1024 -300 ) (2048 -1024 140 ) (1056 -1024 140 ) (1056 -1024 -300 ) 
4 248 254 (2048 -1024 140 ) (2048 -1024 144 ) (1056 -1024 144 ) (1056 -1024 140 ) 
4 248 252 (1056 0 136 ) (1056 0 -300 ) (1056 -416 -300 ) (1056 -416 136 ) 
4 248 253 (1056 -1024 -300 ) (1056 -1024 144 ) (1056 -416 144 ) (1056 -416 -300 ) 
4 249 267 (1024 0 272 ) (1024 0 144 ) (1024 -328 144 ) (1024 -328 272 ) 
4 249 250 (1024 -328 144 ) (1056 -328 144 ) (1056 -328 272 ) (1024 -328 272 ) 
4 250 268 (1024 -328 144 ) (1024 -416 144 ) (1024 -416 272 ) (1024 -328 272 ) 
4 251 282 (1024 -432 144 ) (1024 -1024 144 ) (1024 -1024 432 ) (1024 -432 432 ) 
4 251 254 (1056 -1024 144 ) (1056 -1024 432 ) (1024 -1024 432 ) (1024 -1024 144 ) 
4 251 253 (1024 -1024 144 ) (1024 -432 144 ) (1056 -432 144 ) (1056 -1024 144 ) 
4 252 276 (1024 0 136 ) (1024 0 -300 ) (1024 -416 -300 ) (1024 -416 136 ) 
4 252 253 (1024 -416 -300 ) (1056 -416 -300 ) (1056 -416 136 ) (1024 -416 136 ) 
4 253 283 (1024 -416 -300 ) (1024 -1024 -300 ) (1024 -1024 144 ) (1024 -416 144 ) 
4 253 256 (1056 -1024 -300 ) (1056 -1024 140 ) (1024 -1024 140 ) (1024 -1024 -300 ) 
4 253 254 (1056 -1024 140 ) (1056 -1024 144 ) (1024 -1024 144 ) (1024 -1024 140 ) 
4 254 285 (1024 -1920 1160.369995 ) (1024 -1024 1160.369995 ) (1024 -1024 140 ) (1024 -1920 140 ) 
4 254 256 (1024 -1920 140 ) (1024 -1024 140 ) (2048 -1024 140 ) (2048 -1920 140 ) 
4 254 255 (2048 -1920 144 ) (2048 -1920 1160.369995 ) (1024 -1920 1160.369995 ) (1024 -1920 144 ) 
4 255 291 (2048 -2048 144 ) (2048 -2048 1160.369995 ) (1024 -2048 1160.369995 ) (1024 -2048 144 ) 
4 255 286 (1024 -2048 144 ) (1024 -2048 1160.369995 ) (1024 -1920 1160.369995 ) (1024 -1920 144 ) 
4 256 292 (2048 -2048 -300 ) (2048 -2048 140 ) (1024 -2048 140 ) (1024 -2048 -300 ) 
4 256 287 (1024 -2048 -300 ) (1024 -2048 140 ) (1024 -1024 140 ) (1024 -1024 -300 ) 
4 257 277 (1024 -416 448 ) (1024 -416 1160.369995 ) (408 -416 1160.369995 ) (408 -416 448 ) 
4 257 258 (408 -416 448 ) (408 -416 1160.369995 ) (408 0 1160.369995 ) (408 0 448 ) 
4 258 284 (0 0 1160.369995 ) (0 0 432 ) (0 -416 432 ) (0 -416 1160.369995 ) 
4 258 279 (0 -416 448 ) (0 -416 432 ) (408 -416 432 ) (408 -416 448 ) 
4 258 277 (408 -416 1160.369995 ) (0 -416 1160.369995 ) (0 -416 448 ) (408 -416 448 ) 
4 258 266 (408 -416 432 ) (0 -416 432 ) (0 0 432 ) (408 0 432 ) 
4 259 269 (896 -416 288 ) (816 -416 288 ) (816 -328 288 ) (896 -328 288 ) 
4 259 260 (816 -328 288 ) (816 -400 288 ) (816 -400 368 ) (816 -328 368 ) 
4 260 261 (800 -328 288 ) (800 -400 288 ) (800 -400 368 ) (800 -328 368 ) 
4 261 270 (789 -320 288 ) (789 0 288 ) (800 0 288 ) (800 -320 288 ) 
4 261 263 (789 -416 408 ) (789 -416 432 ) (789 -415 432 ) (789 -415 408 ) 
4 261 264 (789 -416 332 ) (789 -416 364 ) (789 -415 364 ) (789 -415 332 ) 
4 261 262 (789 0 288 ) (789 -415 288 ) (789 -415 432 ) (789 0 432 ) 
4 262 270 (544 -320 288 ) (544 0 288 ) (789 0 288 ) (789 -320 288 ) 
4 262 265 (544 0 288 ) (544 -415 288 ) (544 -415 432 ) (544 0 432 ) 
4 262 263 (544 -415 432 ) (544 -415 408 ) (789 -415 408 ) (789 -415 432 ) 
4 262 264 (544 -415 364 ) (544 -415 332 ) (789 -415 332 ) (789 -415 364 ) 
4 263 265 (544 -416 408 ) (544 -416 432 ) (544 -415 432 ) (544 -415 408 ) 
4 264 280 (560 -416 332 ) (768 -416 332 ) (768 -416 364 ) (560 -416 364 ) 
4 264 265 (544 -416 332 ) (544 -416 364 ) (544 -415 364 ) (544 -415 332 ) 
4 265 270 (520 -320 288 ) (520 0 288 ) (544 0 288 ) (544 -320 288 ) 
4 266 284 (0 0 432 ) (0 0 288 ) (0 -416 288 ) (0 -416 432 ) 
4 266 281 (408 -416 432 ) (0 -416 432 ) (0 -416 288 ) (408 -416 288 ) 
4 266 273 (408 -416 288 ) (0 -416 288 ) (0 0 288 ) (408 0 288 ) 
4 267 268 (896 -328 144 ) (1024 -328 144 ) (1024 -328 272 ) (896 -328 272 ) 
4 267 269 (816 -328 272 ) (816 -328 144 ) (896 -328 144 ) (896 -328 272 ) 
4 268 269 (896 -328 272 ) (896 -328 144 ) (896 -416 144 ) (896 -416 272 ) 
4 270 272 (520 0 144 ) (520 -320 144 ) (520 -320 272 ) (520 0 272 ) 
4 270 271 (520 -320 272 ) (520 -320 144 ) (800 -320 144 ) (800 -320 272 ) 
4 271 272 (520 -320 144 ) (520 -416 144 ) (520 -416 272 ) (520 -320 272 ) 
4 273 284 (0 0 288 ) (0 0 144 ) (0 -416 144 ) (0 -416 288 ) 
4 273 281 (408 -416 288 ) (0 -416 288 ) (0 -416 144 ) (408 -416 144 ) 
4 273 275 (408 -416 144 ) (0 -416 144 ) (0 0 144 ) (408 0 144 ) 
4 274 283 (816 -416 144 ) (800 -416 144 ) (800 -416 136 ) (816 -416 136 ) 
4 274 276 (816 -416 136 ) (800 -416 136 ) (800 0 136 ) (816 0 136 ) 
4 275 284 (0 0 144 ) (0 0 136 ) (0 -416 136 ) (0 -416 144 ) 
4 275 283 (424 -416 144 ) (0 -416 144 ) (0 -416 136 ) (424 -416 136 ) 
4 275 276 (424 -416 136 ) (0 -416 136 ) (0 0 136 ) (424 0 136 ) 
4 276 284 (0 0 136 ) (0 0 -300 ) (0 -416 -300 ) (0 -416 136 ) 
4 276 283 (1024 -416 -300 ) (1024 -416 136 ) (0 -416 136 ) (0 -416 -300 ) 
4 277 285 (1024 -1024 448 ) (1024 -1024 1160.369995 ) (0 -1024 1160.369995 ) (0 -1024 448 ) 
4 277 284 (0 -1024 448 ) (0 -1024 1160.369995 ) (0 -416 1160.369995 ) (0 -416 448 ) 
4 277 278 (1024 -1024 448 ) (408 -1024 448 ) (408 -432 448 ) (1024 -432 448 ) 
4 277 279 (408 -1024 448 ) (0 -1024 448 ) (0 -416 448 ) (408 -416 448 ) 
4 278 285 (1024 -1024 432 ) (1024 -1024 448 ) (408 -1024 448 ) (408 -1024 432 ) 
4 278 282 (1024 -432 432 ) (1024 -1024 432 ) (408 -1024 432 ) (408 -432 432 ) 
4 278 279 (408 -432 432 ) (408 -1024 432 ) (408 -1024 448 ) (408 -432 448 ) 
4 279 285 (408 -1024 448 ) (0 -1024 448 ) (0 -1024 432 ) (408 -1024 432 ) 
4 279 284 (0 -1024 432 ) (0 -1024 448 ) (0 -416 448 ) (0 -416 432 ) 
4 279 281 (0 -432 432 ) (0 -416 432 ) (408 -416 432 ) (408 -432 432 ) 
4 279 282 (0 -1024 432 ) (0 -432 432 ) (408 -432 432 ) (408 -1024 432 ) 
4 280 282 (768 -432 320 ) (768 -432 376 ) (560 -432 376 ) (560 -432 320 ) 
4 281 284 (0 -432 432 ) (0 -416 432 ) (0 -416 144 ) (0 -432 144 ) 
4 281 283 (0 -432 144 ) (0 -416 144 ) (408 -416 144 ) (408 -432 144 ) 
4 281 282 (0 -432 144 ) (408 -432 144 ) (408 -432 432 ) (0 -432 432 ) 
4 282 285 (1024 -1024 144 ) (1024 -1024 432 ) (0 -1024 432 ) (0 -1024 144 ) 
4 282 284 (0 -1024 144 ) (0 -1024 432 ) (0 -432 432 ) (0 -432 144 ) 
4 282 283 (1024 -1024 144 ) (0 -1024 144 ) (0 -432 144 ) (1024 -432 144 ) 
4 283 287 (1024 -1024 -300 ) (1024 -1024 140 ) (0 -1024 140 ) (0 -1024 -300 ) 
4 283 285 (1024 -1024 140 ) (1024 -1024 144 ) (0 -1024 144 ) (0 -1024 140 ) 
4 283 284 (0 -1024 -300 ) (0 -1024 144 ) (0 -416 144 ) (0 -416 -300 ) 
4 284 309 (-1024 0 1160.369995 ) (-1024 0 -300 ) (-1024 -1024 -300 ) (-1024 -1024 1160.369995 ) 
4 284 290 (0 -1024 -300 ) (0 -1024 140 ) (-1024 -1024 140 ) (-1024 -1024 -300 ) 
4 284 288 (0 -1024 140 ) (0 -1024 1160.369995 ) (-1024 -1024 1160.369995 ) (-1024 -1024 140 ) 
4 285 288 (0 -1024 1160.369995 ) (0 -1024 140 ) (0 -1920 140 ) (0 -1920 1160.369995 ) 
4 285 287 (0 -1024 140 ) (1024 -1024 140 ) (1024 -1920 140 ) (0 -1920 140 ) 
4 285 286 (1024 -1920 144 ) (1024 -1920 1160.369995 ) (0 -1920 1160.369995 ) (0 -1920 144 ) 
4 286 293 (1024 -2048 144 ) (1024 -2048 1160.369995 ) (0 -2048 1160.369995 ) (0 -2048 144 ) 
4 286 289 (0 -2048 144 ) (0 -2048 1160.369995 ) (0 -1920 1160.369995 ) (0 -1920 144 ) 
4 287 294 (1024 -2048 -300 ) (1024 -2048 140 ) (0 -2048 140 ) (0 -2048 -300 ) 
4 287 290 (0 -1024 140 ) (0 -1024 -300 ) (0 -2048 -300 ) (0 -2048 140 ) 
4 288 310 (-1024 -1920 1160.369995 ) (-1024 -1024 1160.369995 ) (-1024 -1024 140 ) (-1024 -1920 140 ) 
4 288 290 (0 -1024 140 ) (0 -1920 140 ) (-1024 -1920 140 ) (-1024 -1024 140 ) 
4 288 289 (0 -1920 144 ) (0 -1920 1160.369995 ) (-1024 -1920 1160.369995 ) (-1024 -1920 144 ) 
4 289 311 (-1024 -2048 144 ) (-1024 -2048 1160.369995 ) (-1024 -1920 1160.369995 ) (-1024 -1920 144 ) 
4 289 295 (0 -2048 144 ) (0 -2048 1160.369995 ) (-1024 -2048 1160.369995 ) (-1024 -2048 144 ) 
4 290 312 (-1024 -2048 -300 ) (-1024 -2048 140 ) (-1024 -1024 140 ) (-1024 -1024 -300 ) 
4 290 296 (0 -2048 -300 ) (0 -2048 140 ) (-1024 -2048 140 ) (-1024 -2048 -300 ) 
4 291 298 (2048 -3072 144 ) (2048 -3072 624 ) (1024 -3072 624 ) (1024 -3072 144 ) 
4 291 297 (2048 -3072 624 ) (2048 -3072 1160.369995 ) (1024 -3072 1160.369995 ) (1024 -3072 624 ) 
4 291 293 (1024 -3072 144 ) (1024 -3072 1160.369995 ) (1024 -2048 1160.369995 ) (1024 -2048 144 ) 
4 292 299 (2048 -3072 -300 ) (2048 -3072 140 ) (1024 -3072 140 ) (1024 -3072 -300 ) 
4 292 294 (1024 -3072 -300 ) (1024 -3072 140 ) (1024 -2048 140 ) (1024 -2048 -300 ) 
4 293 302 (1024 -3072 144 ) (1024 -3072 624 ) (0 -3072 624 ) (0 -3072 144 ) 
4 293 301 (1024 -3072 624 ) (1024 -3072 1160.369995 ) (0 -3072 1160.369995 ) (0 -3072 624 ) 
4 293 295 (0 -2048 1160.369995 ) (0 -2048 144 ) (0 -3072 144 ) (0 -3072 1160.369995 ) 
4 294 303 (1024 -3072 -300 ) (1024 -3072 140 ) (0 -3072 140 ) (0 -3072 -300 ) 
4 294 296 (0 -2048 140 ) (0 -2048 -300 ) (0 -3072 -300 ) (0 -3072 140 ) 
4 295 318 (-1024 -3072 144 ) (-1024 -3072 1160.369995 ) (-1024 -2048 1160.369995 ) (-1024 -2048 144 ) 
4 295 306 (-1024 -3072 624 ) (-1024 -3072 144 ) (0 -3072 144 ) (0 -3072 624 ) 
4 295 305 (-1024 -3072 1160.369995 ) (-1024 -3072 624 ) (0 -3072 624 ) (0 -3072 1160.369995 ) 
4 296 319 (-1024 -3072 -300 ) (-1024 -3072 140 ) (-1024 -2048 140 ) (-1024 -2048 -300 ) 
4 296 307 (-1024 -3072 140 ) (-1024 -3072 -300 ) (0 -3072 -300 ) (0 -3072 140 ) 
4 297 301 (1024 -3072 1160.369995 ) (1024 -3072 624 ) (1024 -3073 624 ) (1024 -3073 1160.369995 ) 
4 297 300 (2048 -3073 624 ) (2048 -3073 1160.369995 ) (1024 -3073 1160.369995 ) (1024 -3073 624 ) 
4 297 298 (2048 -3073 624 ) (1024 -3073 624 ) (1024 -3072 624 ) (2048 -3072 624 ) 
4 298 302 (1024 -3072 624 ) (1024 -3072 140 ) (1024 -3073 140 ) (1024 -3073 624 ) 
4 298 299 (2048 -3073 140 ) (1024 -3073 140 ) (1024 -3072 140 ) (2048 -3072 140 ) 
4 298 300 (2048 -3073 140 ) (2048 -3073 624 ) (1024 -3073 624 ) (1024 -3073 140 ) 
4 299 303 (1024 -3072 140 ) (1024 -3072 -300 ) (1024 -3073 -300 ) (1024 -3073 140 ) 
4 299 300 (1024 -3073 -300 ) (2048 -3073 -300 ) (2048 -3073 140 ) (1024 -3073 140 ) 
4 300 304 (1024 -3073 -300 ) (1024 -3203.479980 -300 ) (1024 -3203.479980 1160.369995 ) (1024 -3073 1160.369995 ) 
4 301 305 (0 -3072 1160.369995 ) (0 -3072 624 ) (0 -3073 624 ) (0 -3073 1160.369995 ) 
4 301 304 (1024 -3073 624 ) (1024 -3073 1160.369995 ) (0 -3073 1160.369995 ) (0 -3073 624 ) 
4 301 302 (1024 -3073 624 ) (0 -3073 624 ) (0 -3072 624 ) (1024 -3072 624 ) 
4 302 306 (0 -3072 624 ) (0 -3072 140 ) (0 -3073 140 ) (0 -3073 624 ) 
4 302 303 (1024 -3073 140 ) (0 -3073 140 ) (0 -3072 140 ) (1024 -3072 140 ) 
4 302 304 (1024 -3073 140 ) (1024 -3073 624 ) (0 -3073 624 ) (0 -3073 140 ) 
4 303 307 (0 -3072 140 ) (0 -3072 -300 ) (0 -3073 -300 ) (0 -3073 140 ) 
4 303 304 (0 -3073 -300 ) (1024 -3073 -300 ) (1024 -3073 140 ) (0 -3073 140 ) 
4 304 308 (0 -3073 -300 ) (0 -3203.479980 -300 ) (0 -3203.479980 1160.369995 ) (0 -3073 1160.369995 ) 
4 305 325 (-1024 -3073 1160.369995 ) (-1024 -3072 1160.369995 ) (-1024 -3072 624 ) (-1024 -3073 624 ) 
4 305 308 (0 -3073 624 ) (0 -3073 1160.369995 ) (-1024 -3073 1160.369995 ) (-1024 -3073 624 ) 
4 305 306 (0 -3073 624 ) (-1024 -3073 624 ) (-1024 -3072 624 ) (0 -3072 624 ) 
4 306 326 (-1024 -3072 624 ) (-1024 -3072 140 ) (-1024 -3073 140 ) (-1024 -3073 624 ) 
4 306 307 (0 -3073 140 ) (-1024 -3073 140 ) (-1024 -3072 140 ) (0 -3072 140 ) 
4 306 308 (0 -3073 140 ) (0 -3073 624 ) (-1024 -3073 624 ) (-1024 -3073 140 ) 
4 307 327 (-1024 -3072 140 ) (-1024 -3072 -300 ) (-1024 -3073 -300 ) (-1024 -3073 140 ) 
4 307 308 (-1024 -3073 -300 ) (0 -3073 -300 ) (0 -3073 140 ) (-1024 -3073 140 ) 
4 308 328 (-1024 -3203.479980 1160.369995 ) (-1024 -3073 1160.369995 ) (-1024 -3073 -300 ) (-1024 -3203.479980 -300 ) 
4 309 313 (-2048 0 1160.369995 ) (-2048 0 -300 ) (-2048 -1024 -300 ) (-2048 -1024 1160.369995 ) 
4 309 312 (-1024 -1024 -300 ) (-1024 -1024 140 ) (-2048 -1024 140 ) (-2048 -1024 -300 ) 
4 309 310 (-1024 -1024 140 ) (-1024 -1024 1160.369995 ) (-2048 -1024 1160.369995 ) (-2048 -1024 140 ) 
4 310 314 (-2048 -1920 1160.369995 ) (-2048 -1024 1160.369995 ) (-2048 -1024 140 ) (-2048 -1920 140 ) 
4 310 312 (-2048 -1920 140 ) (-2048 -1024 140 ) (-1024 -1024 140 ) (-1024 -1920 140 ) 
4 310 311 (-1024 -1920 144 ) (-1024 -1920 1160.369995 ) (-2048 -1920 1160.369995 ) (-2048 -1920 144 ) 
4 311 318 (-1024 -2048 144 ) (-1024 -2048 1160.369995 ) (-2048 -2048 1160.369995 ) (-2048 -2048 144 ) 
4 311 315 (-2048 -2048 144 ) (-2048 -2048 1160.369995 ) (-2048 -1920 1160.369995 ) (-2048 -1920 144 ) 
4 312 319 (-1024 -2048 -300 ) (-1024 -2048 140 ) (-2048 -2048 140 ) (-2048 -2048 -300 ) 
4 312 316 (-2048 -2048 -300 ) (-2048 -2048 140 ) (-2048 -1920 140 ) (-2048 -1920 -300 ) 
4 312 314 (-2048 -1920 140 ) (-2048 -1024 140 ) (-2048 -1024 -300 ) (-2048 -1920 -300 ) 
4 313 317 (-2080 -1024 1160.369995 ) (-2105 -1024 1160.369995 ) (-2105 -1024 -300 ) (-2080 -1024 -300 ) 
4 313 314 (-2048 -1024 -300 ) (-2048 -1024 1160.369995 ) (-2080 -1024 1160.369995 ) (-2080 -1024 -300 ) 
4 314 317 (-2080 -1024 -300 ) (-2080 -1920 -300 ) (-2080 -1920 1160.369995 ) (-2080 -1024 1160.369995 ) 
4 314 315 (-2080 -1920 1160.369995 ) (-2080 -1920 144 ) (-2048 -1920 144 ) (-2048 -1920 1160.369995 ) 
4 314 316 (-2080 -1920 140 ) (-2080 -1920 -300 ) (-2048 -1920 -300 ) (-2048 -1920 140 ) 
4 315 320 (-2048 -2048 144 ) (-2048 -2048 1160.369995 ) (-2080 -2048 1160.369995 ) (-2080 -2048 144 ) 
4 315 317 (-2080 -2048 144 ) (-2080 -2048 1160.369995 ) (-2080 -1920 1160.369995 ) (-2080 -1920 144 ) 
4 316 321 (-2048 -2048 -300 ) (-2048 -2048 140 ) (-2080 -2048 140 ) (-2080 -2048 -300 ) 
4 316 317 (-2080 -1920 -300 ) (-2080 -2048 -300 ) (-2080 -2048 140 ) (-2080 -1920 140 ) 
4 317 324 (-2080 -2048 1160.369995 ) (-2105 -2048 1160.369995 ) (-2105 -2048 -300 ) (-2080 -2048 -300 ) 
4 318 326 (-1024 -3072 144 ) (-1024 -3072 624 ) (-2048 -3072 624 ) (-2048 -3072 144 ) 
4 318 325 (-1024 -3072 624 ) (-1024 -3072 1160.369995 ) (-2048 -3072 1160.369995 ) (-2048 -3072 624 ) 
4 318 322 (-2048 -3072 144 ) (-2048 -3072 1160.369995 ) (-2048 -2432 1160.369995 ) (-2048 -2432 144 ) 
4 318 320 (-2048 -2432 1160.369995 ) (-2048 -2048 1160.369995 ) (-2048 -2048 144 ) (-2048 -2432 144 ) 
4 319 327 (-1024 -3072 -300 ) (-1024 -3072 140 ) (-2048 -3072 140 ) (-2048 -3072 -300 ) 
4 319 323 (-2048 -3072 -300 ) (-2048 -3072 140 ) (-2048 -2432 140 ) (-2048 -2432 -300 ) 
4 319 321 (-2048 -2432 140 ) (-2048 -2048 140 ) (-2048 -2048 -300 ) (-2048 -2432 -300 ) 
4 320 324 (-2080 -2432 144 ) (-2080 -2432 1160.369995 ) (-2080 -2048 1160.369995 ) (-2080 -2048 144 ) 
4 320 322 (-2080 -2432 1160.369995 ) (-2080 -2432 144 ) (-2048 -2432 144 ) (-2048 -2432 1160.369995 ) 
4 321 324 (-2080 -2048 -300 ) (-2080 -2432 -300 ) (-2080 -2432 140 ) (-2080 -2048 140 ) 
4 321 323 (-2080 -2432 140 ) (-2080 -2432 -300 ) (-2048 -2432 -300 ) (-2048 -2432 140 ) 
4 322 330 (-2048 -3072 144 ) (-2048 -3072 624 ) (-2080 -3072 624 ) (-2080 -3072 144 ) 
4 322 329 (-2048 -3072 624 ) (-2048 -3072 1160.369995 ) (-2080 -3072 1160.369995 ) (-2080 -3072 624 ) 
4 322 324 (-2080 -3072 144 ) (-2080 -3072 1160.369995 ) (-2080 -2432 1160.369995 ) (-2080 -2432 144 ) 
4 323 331 (-2048 -3072 -300 ) (-2048 -3072 140 ) (-2080 -3072 140 ) (-2080 -3072 -300 ) 
4 323 324 (-2080 -2432 -300 ) (-2080 -3072 -300 ) (-2080 -3072 140 ) (-2080 -2432 140 ) 
4 324 333 (-2080 -3072 1160.369995 ) (-2105 -3072 1160.369995 ) (-2105 -3072 -300 ) (-2080 -3072 -300 ) 
4 325 329 (-2048 -3072 1160.369995 ) (-2048 -3072 624 ) (-2048 -3073 624 ) (-2048 -3073 1160.369995 ) 
4 325 328 (-1024 -3073 624 ) (-1024 -3073 1160.369995 ) (-2048 -3073 1160.369995 ) (-2048 -3073 624 ) 
4 325 326 (-1024 -3073 624 ) (-2048 -3073 624 ) (-2048 -3072 624 ) (-1024 -3072 624 ) 
4 326 330 (-2048 -3072 624 ) (-2048 -3072 140 ) (-2048 -3073 140 ) (-2048 -3073 624 ) 
4 326 327 (-1024 -3073 140 ) (-2048 -3073 140 ) (-2048 -3072 140 ) (-1024 -3072 140 ) 
4 326 328 (-1024 -3073 140 ) (-1024 -3073 624 ) (-2048 -3073 624 ) (-2048 -3073 140 ) 
4 327 331 (-2048 -3072 140 ) (-2048 -3072 -300 ) (-2048 -3073 -300 ) (-2048 -3073 140 ) 
4 327 328 (-2048 -3073 -300 ) (-1024 -3073 -300 ) (-1024 -3073 140 ) (-2048 -3073 140 ) 
4 328 332 (-2048 -3073 -300 ) (-2048 -3203.479980 -300 ) (-2048 -3203.479980 1160.369995 ) (-2048 -3073 1160.369995 ) 
4 329 333 (-2080 -3073 624 ) (-2080 -3073 1160.369995 ) (-2080 -3072 1160.369995 ) (-2080 -3072 624 ) 
4 329 332 (-2080 -3073 1160.369995 ) (-2080 -3073 624 ) (-2048 -3073 624 ) (-2048 -3073 1160.369995 ) 
4 329 330 (-2048 -3073 624 ) (-2080 -3073 624 ) (-2080 -3072 624 ) (-2048 -3072 624 ) 
4 330 331 (-2048 -3073 140 ) (-2080 -3073 140 ) (-2080 -3072 140 ) (-2048 -3072 140 ) 
4 330 333 (-2080 -3073 140 ) (-2080 -3073 624 ) (-2080 -3072 624 ) (-2080 -3072 140 ) 
4 330 332 (-2080 -3073 624 ) (-2080 -3073 140 ) (-2048 -3073 140 ) (-2048 -3073 624 ) 
4 331 332 (-2080 -3073 140 ) (-2080 -3073 -300 ) (-2048 -3073 -300 ) (-2048 -3073 140 ) 
4 331 333 (-2080 -3072 -300 ) (-2080 -3073 -300 ) (-2080 -3073 140 ) (-2080 -3072 140 ) 
4 332 333 (-2080 -3073 -300 ) (-2080 -3203.479980 -300 ) (-2080 -3203.479980 1160.369995 ) (-2080 -3073 1160.369995 ) 
