


materialPath: C:\Program Files (x86)\Steam\SteamApps\common\half-life 2\hl2\materials
Loading C:\Users\Kieran\Documents\GitHub\HL2_Nova_Prospekt_mod\NP_Utility_01_V2.vmf
ConVarRef mat_reduceparticles doesn't point to an existing ConVar
Could not locate 'GameData' key in c:\program files (x86)\steam\steamapps\common\half-life 2\hl2\gameinfo.txt
fixing up env_cubemap materials on brush sides...
0...1...2...3...4...5...6...7...8...9...100...1...2...3...4...5...6...7...8...9...10Processing areas...done (0)
Building Faces...done (0)
Chop Details...done (0)
Find Visible Detail Sides...done (0)
Merging details...done (0)
FixTjuncs...
PruneNodes...
WriteBSP...
done (0)
writing C:\Users\Kieran\Documents\GitHub\HL2_Nova_Prospekt_mod\NP_Utility_01_V2.prt...Building visibility clusters...
done (0)
Creating default LDR cubemaps for env_cubemap using skybox materials:
   skybox/sky_day01_01*.vmt
 ! Run buildcubemaps in the engine to get the correct cube maps.
Creating default HDR cubemaps for env_cubemap using skybox materials:
   skybox/sky_day01_01*.vmt
 ! Run buildcubemaps in the engine to get the correct cube maps.
Finding displacement neighbors...
Finding lightmap sample positions...
Displacement Alpha : 0...1...2...3...4...5...6...7...8...9...10
Building Physics collision data...
WARNING: Map using power 4 displacements, terrain physics cannot be compressed, map will need additional memory and CPU.
done (0) (224601 bytes)
Placing detail props : 0...1...2...3...4...5...6...7...8...9...10
Compacting texture/material tables...
Reduced 383 texinfos to 322
Reduced 116 texdatas to 114 (2677 bytes to 2572)
Writing C:\Users\Kieran\Documents\GitHub\HL2_Nova_Prospekt_mod\NP_Utility_01_V2.bsp
1 second elapsed



4 threads
reading c:\users\kieran\documents\github\hl2_nova_prospekt_mod\NP_Utility_01_V2.bsp
reading c:\users\kieran\documents\github\hl2_nova_prospekt_mod\NP_Utility_01_V2.prt
 946 portalclusters
2758 numportals
0...1...2...3...4...5...6...7...8...9...10Optimized: 70132 visible clusters (12.59%)
Total clusters visible: 557198
Average clusters visible: 589
Building PAS...
Average clusters audible: 921
visdatasize:223275  compressed from 227040
writing c:\users\kieran\documents\github\hl2_nova_prospekt_mod\NP_Utility_01_V2.bsp
0 seconds elapsed



[Reading texlights from 'lights.rad']
[45 texlights parsed from 'lights.rad']

Loading c:\users\kieran\documents\github\hl2_nova_prospekt_mod\NP_Utility_01_V2.bsp
3299 faces
484369 square feet [69749152.00 square inches]
1 Displacements
233 Square Feet [33563.03 Square Inches]
3299 patches before subdivision
36077 patches after subdivision
38 direct lights
0...1...2...3...4...5...6...7...8...9...100...1...2...3...4...5...6...7...8...9...10transfers 2248153, max 463
transfer lists:  17.2 megs
0...1...2...3...4...5...6...7...8...9...10	Bounce #1 added RGB(33661, 20586, 17183)
0...1...2...3...4...5...6...7...8...9...10	Bounce #2 added RGB(6974, 2653, 2078)
0...1...2...3...4...5...6...7...8...9...10	Bounce #3 added RGB(1971, 429, 329)
0...1...2...3...4...5...6...7...8...9...10	Bounce #4 added RGB(673, 78, 58)
0...1...2...3...4...5...6...7...8...9...10	Bounce #5 added RGB(270, 16, 12)
0...1...2...3...4...5...6...7...8...9...10	Bounce #6 added RGB(118, 4, 3)
0...1...2...3...4...5...6...7...8...9...10	Bounce #7 added RGB(55, 1, 1)
0...1...2...3...4...5...6...7...8...9...10	Bounce #8 added RGB(26, 0, 0)
0...1...2...3...4...5...6...7...8...9...10	Bounce #9 added RGB(13, 0, 0)
0...1...2...3...4...5...6...7...8...9...10	Bounce #10 added RGB(6, 0, 0)
0...1...2...3...4...5...6...7...8...9...10	Bounce #11 added RGB(3, 0, 0)
0...1...2...3...4...5...6...7...8...9...10	Bounce #12 added RGB(2, 0, 0)
0...1...2...3...4...5...6...7...8...9...10	Bounce #13 added RGB(1, 0, 0)
Build Patch/Sample Hash Table(s).....Done<0.0145 sec>
0...1...2...3...4...5...6...7...8...9...10FinalLightFace Done
0 of 0 (0% of) surface lights went in leaf ambient cubes.
0...1...2...3...4...5...6...7...8...9...10Writing leaf ambient...done
Ready to Finish

Object names       Objects/Maxobjs  Memory / Maxmem  Fullness 
------------       ---------------  ---------------  -------- 
models                  37/1024         1776/49152    ( 3.6%) 
brushes                424/8192         5088/98304    ( 5.2%) 
brushsides            2655/65536       21240/524288   ( 4.1%) 
planes                1900/65536       38000/1310720  ( 2.9%) 
vertexes              4894/65536       58728/786432   ( 7.5%) 
nodes                 2091/65536       66912/2097152  ( 3.2%) 
texinfos               322/12288       23184/884736   ( 2.6%) 
texdata                114/2048         3648/65536    ( 5.6%) 
dispinfos                1/0             176/0        ( 0.0%) 
disp_verts             289/0            5780/0        ( 0.0%) 
disp_tris              512/0            1024/0        ( 0.0%) 
disp_lmsamples         765/0             765/0        ( 0.0%) 
faces                 3299/65536      184744/3670016  ( 5.0%) 
hdr faces                0/65536           0/3670016  ( 0.0%) 
origfaces             1759/65536       98504/3670016  ( 2.7%) 
leaves                2129/65536       68128/2097152  ( 3.2%) 
leaffaces             3744/65536        7488/131072   ( 5.7%) 
leafbrushes           1099/65536        2198/131072   ( 1.7%) 
areas                    2/256            16/2048     ( 0.8%) 
surfedges            22940/512000      91760/2048000  ( 4.5%) 
edges                12629/256000      50516/1024000  ( 4.9%) 
LDR worldlights         38/8192         3344/720896   ( 0.5%) 
HDR worldlights          0/8192            0/720896   ( 0.0%) 
leafwaterdata            0/32768           0/393216   ( 0.0%) 
waterstrips            309/32768        3090/327680   ( 0.9%) 
waterverts               0/65536           0/786432   ( 0.0%) 
waterindices          4914/65536        9828/131072   ( 7.5%) 
cubemapsamples           0/1024            0/16384    ( 0.0%) 
overlays                78/512         27456/180224   (15.2%) 
LDR lightdata         [variable]     1201436/0        ( 0.0%) 
HDR lightdata         [variable]           0/0        ( 0.0%) 
visdata               [variable]      223275/16777216 ( 1.3%) 
entdata               [variable]      141966/393216   (36.1%) 
LDR ambient table     2129/65536        8516/262144   ( 3.2%) 
HDR ambient table     2129/65536        8516/262144   ( 3.2%) 
LDR leaf ambient      8406/65536      235368/1835008  (12.8%) 
HDR leaf ambient      2129/65536       59612/1835008  ( 3.2%) 
occluders                0/0               0/0        ( 0.0%) 
occluder polygons        0/0               0/0        ( 0.0%) 
occluder vert ind        0/0               0/0        ( 0.0%) 
detail props          [variable]           1/12       ( 8.3%) 
static props          [variable]           1/10530    ( 0.0%) 
pakfile               [variable]      211985/0        ( 0.0%) 
physics               [variable]      224601/4194304  ( 5.4%) 
physics terrain       [variable]           0/1048576  ( 0.0%) 

Level flags = 0

Total triangle count: 9282
Writing c:\users\kieran\documents\github\hl2_nova_prospekt_mod\NP_Utility_01_V2.bsp
24 seconds elapsed



[Reading texlights from 'lights.rad']
[45 texlights parsed from 'lights.rad']

Loading c:\users\kieran\documents\github\hl2_nova_prospekt_mod\NP_Utility_01_V2.bsp
3299 faces
484369 square feet [69749152.00 square inches]
1 Displacements
233 Square Feet [33563.03 Square Inches]
3299 patches before subdivision
36077 patches after subdivision
38 direct lights
0...1...2...3...4...5...6...7...8...9...100...1...2...3...4...5...6...7...8...9...10transfers 2248153, max 463
transfer lists:  17.2 megs
0...1...2...3...4...5...6...7...8...9...10	Bounce #1 added RGB(33661, 20586, 17183)
0...1...2...3...4...5...6...7...8...9...10	Bounce #2 added RGB(6974, 2653, 2078)
0...1...2...3...4...5...6...7...8...9...10	Bounce #3 added RGB(1971, 429, 329)
0...1...2...3...4...5...6...7...8...9...10	Bounce #4 added RGB(673, 78, 58)
0...1...2...3...4...5...6...7...8...9...10	Bounce #5 added RGB(270, 16, 12)
0...1...2...3...4...5...6...7...8...9...10	Bounce #6 added RGB(118, 4, 3)
0...1...2...3...4...5...6...7...8...9...10	Bounce #7 added RGB(55, 1, 1)
0...1...2...3...4...5...6...7...8...9...10	Bounce #8 added RGB(26, 0, 0)
0...1...2...3...4...5...6...7...8...9...10	Bounce #9 added RGB(13, 0, 0)
0...1...2...3...4...5...6...7...8...9...10	Bounce #10 added RGB(6, 0, 0)
0...1...2...3...4...5...6...7...8...9...10	Bounce #11 added RGB(3, 0, 0)
0...1...2...3...4...5...6...7...8...9...10	Bounce #12 added RGB(2, 0, 0)
0...1...2...3...4...5...6...7...8...9...10	Bounce #13 added RGB(1, 0, 0)
Build Patch/Sample Hash Table(s).....Done<0.0142 sec>
0...1...2...3...4...5...6...7...8...9...10FinalLightFace Done
0 of 0 (0% of) surface lights went in leaf ambient cubes.
0...1...2...3...4...5...6...7...8...9...10Writing leaf ambient...done
Ready to Finish

Object names       Objects/Maxobjs  Memory / Maxmem  Fullness 
------------       ---------------  ---------------  -------- 
models                  37/1024         1776/49152    ( 3.6%) 
brushes                424/8192         5088/98304    ( 5.2%) 
brushsides            2655/65536       21240/524288   ( 4.1%) 
planes                1900/65536       38000/1310720  ( 2.9%) 
vertexes              4894/65536       58728/786432   ( 7.5%) 
nodes                 2091/65536       66912/2097152  ( 3.2%) 
texinfos               322/12288       23184/884736   ( 2.6%) 
texdata                114/2048         3648/65536    ( 5.6%) 
dispinfos                1/0             176/0        ( 0.0%) 
disp_verts             289/0            5780/0        ( 0.0%) 
disp_tris              512/0            1024/0        ( 0.0%) 
disp_lmsamples         765/0             765/0        ( 0.0%) 
faces                 3299/65536      184744/3670016  ( 5.0%) 
hdr faces             3299/65536      184744/3670016  ( 5.0%) 
origfaces             1759/65536       98504/3670016  ( 2.7%) 
leaves                2129/65536       68128/2097152  ( 3.2%) 
leaffaces             3744/65536        7488/131072   ( 5.7%) 
leafbrushes           1099/65536        2198/131072   ( 1.7%) 
areas                    2/256            16/2048     ( 0.8%) 
surfedges            22940/512000      91760/2048000  ( 4.5%) 
edges                12629/256000      50516/1024000  ( 4.9%) 
LDR worldlights         38/8192         3344/720896   ( 0.5%) 
HDR worldlights         38/8192         3344/720896   ( 0.5%) 
leafwaterdata            0/32768           0/393216   ( 0.0%) 
waterstrips            309/32768        3090/327680   ( 0.9%) 
waterverts               0/65536           0/786432   ( 0.0%) 
waterindices          4914/65536        9828/131072   ( 7.5%) 
cubemapsamples           0/1024            0/16384    ( 0.0%) 
overlays                78/512         27456/180224   (15.2%) 
LDR lightdata         [variable]     1201436/0        ( 0.0%) 
HDR lightdata         [variable]     1201436/0        ( 0.0%) 
visdata               [variable]      223275/16777216 ( 1.3%) 
entdata               [variable]      141966/393216   (36.1%) 
LDR ambient table     2129/65536        8516/262144   ( 3.2%) 
HDR ambient table     2129/65536        8516/262144   ( 3.2%) 
LDR leaf ambient      8406/65536      235368/1835008  (12.8%) 
HDR leaf ambient      8406/65536      235368/1835008  (12.8%) 
occluders                0/0               0/0        ( 0.0%) 
occluder polygons        0/0               0/0        ( 0.0%) 
occluder vert ind        0/0               0/0        ( 0.0%) 
detail props          [variable]           1/12       ( 8.3%) 
static props          [variable]           1/10530    ( 0.0%) 
pakfile               [variable]      211985/0        ( 0.0%) 
physics               [variable]      224601/4194304  ( 5.4%) 
physics terrain       [variable]           0/1048576  ( 0.0%) 

Level flags = 0

Total triangle count: 9282
Writing c:\users\kieran\documents\github\hl2_nova_prospekt_mod\NP_Utility_01_V2.bsp
23 seconds elapsed
