PRT1
134
402
4 0 8 (5120 14336 -416 ) (5120 14336 1552 ) (5120 14496 1552 ) (5120 14496 -416 ) 
4 0 7 (5120 14336 32 ) (5120 14336 -416 ) (5936 14336 -416 ) (5936 14336 32 ) 
4 0 6 (5120 14336 64 ) (5120 14336 32 ) (5456 14336 32 ) (5456 14336 64 ) 
4 0 5 (5456 14336 32 ) (5936 14336 32 ) (5936 14336 64 ) (5456 14336 64 ) 
4 0 3 (5120 14336 288 ) (5120 14336 64 ) (5456 14336 64 ) (5456 14336 288 ) 
4 0 2 (5456 14336 64 ) (5936 14336 64 ) (5936 14336 288 ) (5456 14336 288 ) 
4 0 1 (5120 14336 1552 ) (5120 14336 288 ) (5936 14336 288 ) (5936 14336 1552 ) 
4 1 20 (5936 13312 288 ) (5936 13312 1552 ) (5120 13312 1552 ) (5120 13312 288 ) 
4 1 11 (5120 13536 1552 ) (5120 13568 1552 ) (5120 13568 288 ) (5120 13536 288 ) 
4 1 10 (5120 13568 1552 ) (5120 14336 1552 ) (5120 14336 288 ) (5120 13568 288 ) 
4 1 12 (5120 13312 288 ) (5120 13312 1552 ) (5120 13536 1552 ) (5120 13536 288 ) 
4 1 3 (5120 13568 288 ) (5120 14336 288 ) (5456 14336 288 ) (5456 13568 288 ) 
4 1 4 (5120 13312 288 ) (5120 13536 288 ) (5456 13536 288 ) (5456 13312 288 ) 
4 1 2 (5456 14336 288 ) (5936 14336 288 ) (5936 13312 288 ) (5456 13312 288 ) 
4 2 20 (5936 13312 64 ) (5936 13312 288 ) (5456 13312 288 ) (5456 13312 64 ) 
4 2 5 (5456 14336 64 ) (5936 14336 64 ) (5936 13312 64 ) (5456 13312 64 ) 
4 2 3 (5456 14336 64 ) (5456 13568 64 ) (5456 13568 288 ) (5456 14336 288 ) 
4 2 4 (5456 13536 64 ) (5456 13312 64 ) (5456 13312 288 ) (5456 13536 288 ) 
4 3 10 (5120 13568 288 ) (5120 14336 288 ) (5120 14336 64 ) (5120 13568 64 ) 
4 3 6 (5120 14336 64 ) (5456 14336 64 ) (5456 13568 64 ) (5120 13568 64 ) 
4 4 20 (5456 13312 288 ) (5120 13312 288 ) (5120 13312 64 ) (5456 13312 64 ) 
4 4 12 (5120 13312 64 ) (5120 13312 288 ) (5120 13536 288 ) (5120 13536 64 ) 
4 5 21 (5936 13312 32 ) (5936 13312 64 ) (5456 13312 64 ) (5456 13312 32 ) 
4 5 7 (5456 14336 32 ) (5936 14336 32 ) (5936 13312 32 ) (5456 13312 32 ) 
4 5 6 (5456 14336 32 ) (5456 13568 32 ) (5456 13568 64 ) (5456 14336 64 ) 
4 6 13 (5120 13568 64 ) (5120 14336 64 ) (5120 14336 32 ) (5120 13568 32 ) 
4 6 7 (5120 13568 32 ) (5120 14336 32 ) (5456 14336 32 ) (5456 13568 32 ) 
4 7 22 (5936 13312 -416 ) (5936 13312 32 ) (5120 13312 32 ) (5120 13312 -416 ) 
4 7 14 (5120 13312 -416 ) (5120 13312 32 ) (5120 13568 32 ) (5120 13568 -416 ) 
4 7 13 (5120 13568 32 ) (5120 14336 32 ) (5120 14336 -416 ) (5120 13568 -416 ) 
4 8 13 (5120 14336 -416 ) (5120 14336 64 ) (4096 14336 64 ) (4096 14336 -416 ) 
4 8 10 (5120 14336 64 ) (5120 14336 1552 ) (4096 14336 1552 ) (4096 14336 64 ) 
4 8 9 (4096 14336 -416 ) (4096 14336 1552 ) (4096 14496 1552 ) (4096 14496 -416 ) 
4 9 37 (3072 14336 -416 ) (3072 14336 1552 ) (3072 14496 1552 ) (3072 14496 -416 ) 
4 9 19 (3072 14336 32 ) (3072 14336 -416 ) (4096 14336 -416 ) (4096 14336 32 ) 
4 9 18 (3072 14336 64 ) (3072 14336 32 ) (4096 14336 32 ) (4096 14336 64 ) 
4 9 15 (3072 14336 1552 ) (3072 14336 64 ) (4096 14336 64 ) (4096 14336 1552 ) 
4 10 15 (4096 14336 1552 ) (4096 14336 64 ) (4096 13568 64 ) (4096 13568 1552 ) 
4 10 13 (4096 13568 64 ) (4096 14336 64 ) (5120 14336 64 ) (5120 13568 64 ) 
4 10 11 (5120 13568 288 ) (5120 13568 1552 ) (4096 13568 1552 ) (4096 13568 288 ) 
4 11 16 (4096 13536 288 ) (4096 13536 1552 ) (4096 13568 1552 ) (4096 13568 288 ) 
4 11 12 (5120 13536 288 ) (5120 13536 1552 ) (4096 13536 1552 ) (4096 13536 288 ) 
4 12 26 (5120 13312 64 ) (5120 13312 1552 ) (4096 13312 1552 ) (4096 13312 64 ) 
4 12 17 (4096 13536 64 ) (4096 13312 64 ) (4096 13312 1552 ) (4096 13536 1552 ) 
4 13 19 (4096 14336 32 ) (4096 14336 -416 ) (4096 13568 -416 ) (4096 13568 32 ) 
4 13 18 (4096 14336 64 ) (4096 14336 32 ) (4096 13568 32 ) (4096 13568 64 ) 
4 13 14 (4096 13568 -416 ) (5120 13568 -416 ) (5120 13568 32 ) (4096 13568 32 ) 
4 14 27 (5120 13312 -416 ) (5120 13312 32 ) (4096 13312 32 ) (4096 13312 -416 ) 
4 14 19 (4096 13568 -416 ) (4096 13312 -416 ) (4096 13312 32 ) (4096 13568 32 ) 
4 15 39 (3072 13568 1552 ) (3072 14336 1552 ) (3072 14336 64 ) (3072 13568 64 ) 
4 15 18 (3072 13568 64 ) (3072 14336 64 ) (4096 14336 64 ) (4096 13568 64 ) 
4 15 16 (4096 13568 288 ) (4096 13568 1552 ) (3072 13568 1552 ) (3072 13568 288 ) 
4 16 40 (3072 13536 1552 ) (3072 13568 1552 ) (3072 13568 288 ) (3072 13536 288 ) 
4 16 17 (4096 13536 288 ) (4096 13536 1552 ) (3072 13536 1552 ) (3072 13536 288 ) 
4 17 41 (3072 13312 64 ) (3072 13312 1552 ) (3072 13536 1552 ) (3072 13536 64 ) 
4 17 28 (4096 13312 64 ) (4096 13312 1552 ) (3072 13312 1552 ) (3072 13312 64 ) 
4 18 42 (3072 13568 64 ) (3072 14336 64 ) (3072 14336 32 ) (3072 13568 32 ) 
4 18 19 (3072 13568 32 ) (3072 14336 32 ) (4096 14336 32 ) (4096 13568 32 ) 
4 19 45 (3072 13312 -416 ) (3072 13312 32 ) (3072 14336 32 ) (3072 14336 -416 ) 
4 19 29 (4096 13312 -416 ) (4096 13312 32 ) (3072 13312 32 ) (3072 13312 -416 ) 
4 20 26 (5120 12288 64 ) (5120 12288 1552 ) (5120 13312 1552 ) (5120 13312 64 ) 
4 20 23 (5936 12288 64 ) (5936 12288 1552 ) (5120 12288 1552 ) (5120 12288 64 ) 
4 20 21 (5456 13312 64 ) (5936 13312 64 ) (5936 12288 64 ) (5456 12288 64 ) 
4 21 24 (5936 12288 32 ) (5936 12288 64 ) (5456 12288 64 ) (5456 12288 32 ) 
4 21 22 (5456 13312 32 ) (5936 13312 32 ) (5936 12288 32 ) (5456 12288 32 ) 
4 22 27 (5120 12288 -416 ) (5120 12288 32 ) (5120 13312 32 ) (5120 13312 -416 ) 
4 22 25 (5936 12288 -416 ) (5936 12288 32 ) (5120 12288 32 ) (5120 12288 -416 ) 
4 23 34 (5936 11264 64 ) (5936 11264 1552 ) (5120 11264 1552 ) (5120 11264 64 ) 
4 23 30 (5120 11264 64 ) (5120 11264 1552 ) (5120 12288 1552 ) (5120 12288 64 ) 
4 23 24 (5936 12288 64 ) (5936 11264 64 ) (5456 11264 64 ) (5456 12288 64 ) 
4 24 34 (5936 11264 32 ) (5936 11264 64 ) (5456 11264 64 ) (5456 11264 32 ) 
4 24 25 (5456 12288 32 ) (5936 12288 32 ) (5936 11264 32 ) (5456 11264 32 ) 
4 25 34 (5936 11264 -416 ) (5936 11264 32 ) (5120 11264 32 ) (5120 11264 -416 ) 
4 25 31 (5120 11264 -416 ) (5120 11264 32 ) (5120 12288 32 ) (5120 12288 -416 ) 
4 26 30 (5120 12288 64 ) (5120 12288 1552 ) (4096 12288 1552 ) (4096 12288 64 ) 
4 26 28 (4096 12288 64 ) (4096 12288 1552 ) (4096 13312 1552 ) (4096 13312 64 ) 
4 27 31 (5120 12288 -416 ) (5120 12288 32 ) (4096 12288 32 ) (4096 12288 -416 ) 
4 27 29 (4096 12288 -416 ) (4096 12288 32 ) (4096 13312 32 ) (4096 13312 -416 ) 
4 28 65 (3072 12288 64 ) (3072 12288 1552 ) (3072 13312 1552 ) (3072 13312 64 ) 
4 28 32 (3072 12288 1552 ) (3072 12288 64 ) (4096 12288 64 ) (4096 12288 1552 ) 
4 29 66 (3072 12288 -416 ) (3072 12288 32 ) (3072 13312 32 ) (3072 13312 -416 ) 
4 29 33 (3072 12288 32 ) (3072 12288 -416 ) (4096 12288 -416 ) (4096 12288 32 ) 
4 30 35 (5120 11264 64 ) (5120 11264 1552 ) (4096 11264 1552 ) (4096 11264 64 ) 
4 30 32 (4096 12288 1552 ) (4096 12288 64 ) (4096 11264 64 ) (4096 11264 1552 ) 
4 31 35 (5120 11264 -416 ) (5120 11264 32 ) (4096 11264 32 ) (4096 11264 -416 ) 
4 31 33 (4096 12288 32 ) (4096 12288 -416 ) (4096 11264 -416 ) (4096 11264 32 ) 
4 32 84 (3072 11264 64 ) (3072 11264 1552 ) (3072 12288 1552 ) (3072 12288 64 ) 
4 32 36 (3072 11264 1552 ) (3072 11264 64 ) (4096 11264 64 ) (4096 11264 1552 ) 
4 33 95 (3072 11264 -416 ) (3072 11264 32 ) (3072 12288 32 ) (3072 12288 -416 ) 
4 33 36 (3072 11264 32 ) (3072 11264 -416 ) (4096 11264 -416 ) (4096 11264 32 ) 
4 34 35 (5120 11264 1552 ) (5120 11264 -416 ) (5120 10416 -416 ) (5120 10416 1552 ) 
4 35 36 (4096 11264 1552 ) (4096 11264 -416 ) (4096 10416 -416 ) (4096 10416 1552 ) 
4 36 131 (3072 10416 -416 ) (3072 10416 1552 ) (3072 11264 1552 ) (3072 11264 -416 ) 
4 37 45 (3072 14336 -416 ) (3072 14336 32 ) (2048 14336 32 ) (2048 14336 -416 ) 
4 37 43 (2672 14336 64 ) (2048 14336 64 ) (2048 14336 32 ) (2672 14336 32 ) 
4 37 42 (3072 14336 32 ) (3072 14336 64 ) (2672 14336 64 ) (2672 14336 32 ) 
4 37 39 (3072 14336 64 ) (3072 14336 1552 ) (2048 14336 1552 ) (2048 14336 64 ) 
4 37 38 (2048 14336 -416 ) (2048 14336 1552 ) (2048 14496 1552 ) (2048 14496 -416 ) 
4 38 53 (1024 14336 -416 ) (1024 14336 1552 ) (1024 14496 1552 ) (1024 14496 -416 ) 
4 38 52 (1024 14336 32 ) (1024 14336 -416 ) (2048 14336 -416 ) (2048 14336 32 ) 
4 38 51 (1024 14336 48 ) (1024 14336 32 ) (2048 14336 32 ) (2048 14336 48 ) 
4 38 47 (1024 14336 288 ) (1024 14336 48 ) (2048 14336 48 ) (2048 14336 288 ) 
4 38 46 (1024 14336 1552 ) (1024 14336 288 ) (2048 14336 288 ) (2048 14336 1552 ) 
4 39 47 (2048 14336 288 ) (2048 14336 64 ) (2048 13568 64 ) (2048 13568 288 ) 
4 39 46 (2048 14336 1552 ) (2048 14336 288 ) (2048 13568 288 ) (2048 13568 1552 ) 
4 39 43 (2048 14336 64 ) (2672 14336 64 ) (2672 13568 64 ) (2048 13568 64 ) 
4 39 42 (2672 14336 64 ) (3072 14336 64 ) (3072 13568 64 ) (2672 13568 64 ) 
4 39 40 (3072 13568 288 ) (3072 13568 1552 ) (2048 13568 1552 ) (2048 13568 288 ) 
4 40 46 (2048 13536 288 ) (2048 13536 1552 ) (2048 13568 1552 ) (2048 13568 288 ) 
4 40 41 (3072 13536 288 ) (3072 13536 1552 ) (2048 13536 1552 ) (2048 13536 288 ) 
4 41 73 (2048 13312 391.959045 ) (2048 13312 64 ) (2256 13312 64 ) (2256 13312 391.959045 ) 
4 41 72 (2256 13312 64 ) (2640 13312 64 ) (2640 13312 391.959045 ) (2256 13312 391.959045 ) 
4 41 69 (2640 13312 64 ) (2672 13312 64 ) (2672 13312 192 ) (2640 13312 192 ) 
4 41 68 (2672 13312 192 ) (2672 13312 391.959045 ) (2640 13312 391.959045 ) (2640 13312 192 ) 
4 41 67 (2672 13312 1552 ) (2048 13312 1552 ) (2048 13312 391.959045 ) (2672 13312 391.959045 ) 
4 41 65 (3072 13312 64 ) (3072 13312 1552 ) (2672 13312 1552 ) (2672 13312 64 ) 
4 41 50 (2048 13536 64 ) (2048 13312 64 ) (2048 13312 288 ) (2048 13536 288 ) 
4 41 46 (2048 13312 288 ) (2048 13312 1552 ) (2048 13536 1552 ) (2048 13536 288 ) 
4 41 44 (2672 13312 64 ) (2048 13312 64 ) (2048 13536 64 ) (2672 13536 64 ) 
4 42 45 (2672 13568 32 ) (2672 14336 32 ) (3072 14336 32 ) (3072 13568 32 ) 
4 42 43 (2672 14336 32 ) (2672 13568 32 ) (2672 13568 64 ) (2672 14336 64 ) 
4 43 51 (2048 14336 48 ) (2048 14336 32 ) (2048 13568 32 ) (2048 13568 48 ) 
4 43 47 (2048 14336 64 ) (2048 14336 48 ) (2048 13568 48 ) (2048 13568 64 ) 
4 43 45 (2048 13568 32 ) (2048 14336 32 ) (2672 14336 32 ) (2672 13568 32 ) 
4 43 44 (2672 13568 48 ) (2672 13568 64 ) (2048 13568 64 ) (2048 13568 48 ) 
4 44 73 (2256 13312 64 ) (2048 13312 64 ) (2048 13312 48 ) (2256 13312 48 ) 
4 44 72 (2640 13312 64 ) (2256 13312 64 ) (2256 13312 48 ) (2640 13312 48 ) 
4 44 71 (2672 13312 64 ) (2640 13312 64 ) (2640 13312 48 ) (2672 13312 48 ) 
4 44 49 (2048 13536 64 ) (2048 13568 64 ) (2048 13568 48 ) (2048 13536 48 ) 
4 44 50 (2048 13312 48 ) (2048 13312 64 ) (2048 13536 64 ) (2048 13536 48 ) 
4 45 75 (2672 13312 32 ) (2048 13312 32 ) (2048 13312 -416 ) (2672 13312 -416 ) 
4 45 66 (3072 13312 -416 ) (3072 13312 32 ) (2672 13312 32 ) (2672 13312 -416 ) 
4 45 52 (2048 14336 32 ) (2048 14336 -416 ) (2048 13312 -416 ) (2048 13312 32 ) 
4 46 80 (1104 13312 1552 ) (1024 13312 1552 ) (1024 13312 288 ) (1104 13312 288 ) 
4 46 79 (1712 13312 1552 ) (1104 13312 1552 ) (1104 13312 288 ) (1712 13312 288 ) 
4 46 76 (2048 13312 288 ) (2048 13312 1552 ) (1712 13312 1552 ) (1712 13312 288 ) 
4 46 54 (1024 13312 288 ) (1024 13312 1552 ) (1024 14336 1552 ) (1024 14336 288 ) 
4 46 48 (1360 13568 288 ) (1584 13568 288 ) (1584 13536 288 ) (1360 13536 288 ) 
4 46 47 (1024 13568 288 ) (1024 14336 288 ) (2048 14336 288 ) (2048 13568 288 ) 
4 46 50 (2048 13312 288 ) (1024 13312 288 ) (1024 13536 288 ) (2048 13536 288 ) 
4 47 61 (1024 14336 64 ) (1024 14336 48 ) (1024 13568 48 ) (1024 13568 64 ) 
4 47 55 (1024 13568 288 ) (1024 14336 288 ) (1024 14336 64 ) (1024 13568 64 ) 
4 47 51 (1024 13568 48 ) (1024 14336 48 ) (2048 14336 48 ) (2048 13568 48 ) 
4 47 48 (1584 13568 288 ) (1360 13568 288 ) (1296 13568 64 ) (1616 13568 64 ) 
4 47 49 (1024 13568 48 ) (2048 13568 48 ) (2048 13568 64 ) (1024 13568 64 ) 
4 48 50 (1584 13536 288 ) (1360 13536 288 ) (1296 13536 64 ) (1616 13536 64 ) 
4 48 49 (1616 13536 64 ) (1296 13536 64 ) (1296 13568 64 ) (1616 13568 64 ) 
4 49 62 (1024 13568 64 ) (1024 13568 48 ) (1024 13536 48 ) (1024 13536 64 ) 
4 49 50 (1024 13536 48 ) (2048 13536 48 ) (2048 13536 64 ) (1024 13536 64 ) 
4 50 80 (1104 13312 288 ) (1024 13312 288 ) (1024 13312 48 ) (1104 13312 48 ) 
4 50 79 (1712 13312 288 ) (1104 13312 288 ) (1104 13312 48 ) (1712 13312 48 ) 
4 50 76 (2048 13312 48 ) (2048 13312 288 ) (1712 13312 288 ) (1712 13312 48 ) 
4 50 62 (1024 13312 48 ) (1024 13312 64 ) (1024 13536 64 ) (1024 13536 48 ) 
4 50 57 (1024 13312 64 ) (1024 13312 288 ) (1024 13488 288 ) (1024 13488 64 ) 
4 50 56 (1024 13488 288 ) (1024 13536 288 ) (1024 13536 64 ) (1024 13488 64 ) 
4 51 61 (1024 13568 48 ) (1024 14336 48 ) (1024 14336 32 ) (1024 13568 32 ) 
4 51 52 (1024 13568 32 ) (1024 14336 32 ) (2048 14336 32 ) (2048 13568 32 ) 
4 52 83 (2048 13312 -416 ) (2048 13312 32 ) (1024 13312 32 ) (1024 13312 -416 ) 
4 52 64 (1024 13312 -416 ) (1024 13312 32 ) (1024 14336 32 ) (1024 14336 -416 ) 
4 53 64 (1024 14336 -416 ) (1024 14336 32 ) (256 14336 32 ) (256 14336 -416 ) 
4 53 61 (1024 14336 32 ) (1024 14336 64 ) (592 14336 64 ) (592 14336 32 ) 
4 53 63 (592 14336 64 ) (256 14336 64 ) (256 14336 32 ) (592 14336 32 ) 
4 53 55 (1024 14336 64 ) (1024 14336 288 ) (592 14336 288 ) (592 14336 64 ) 
4 53 60 (592 14336 288 ) (256 14336 288 ) (256 14336 64 ) (592 14336 64 ) 
4 53 54 (1024 14336 288 ) (1024 14336 1552 ) (256 14336 1552 ) (256 14336 288 ) 
4 54 107 (1024 13312 288 ) (1024 13312 1552 ) (256 13312 1552 ) (256 13312 288 ) 
4 54 58 (624 13312 288 ) (592 13312 288 ) (592 13488 288 ) (624 13488 288 ) 
4 54 57 (1024 13312 288 ) (624 13312 288 ) (624 13488 288 ) (1024 13488 288 ) 
4 54 55 (592 13568 288 ) (592 14336 288 ) (1024 14336 288 ) (1024 13568 288 ) 
4 54 56 (592 13488 288 ) (592 13536 288 ) (1024 13536 288 ) (1024 13488 288 ) 
4 54 60 (592 13312 288 ) (256 13312 288 ) (256 14336 288 ) (592 14336 288 ) 
4 55 61 (592 14336 64 ) (1024 14336 64 ) (1024 13568 64 ) (592 13568 64 ) 
4 55 60 (592 14336 64 ) (592 13568 64 ) (592 13568 288 ) (592 14336 288 ) 
4 56 62 (1024 13536 64 ) (1024 13488 64 ) (592 13488 64 ) (592 13536 64 ) 
4 56 59 (592 13488 192 ) (592 13488 64 ) (624 13488 64 ) (624 13488 192 ) 
4 56 58 (592 13488 288 ) (592 13488 192 ) (624 13488 192 ) (624 13488 288 ) 
4 56 57 (624 13488 64 ) (1024 13488 64 ) (1024 13488 288 ) (624 13488 288 ) 
4 56 60 (592 13536 64 ) (592 13488 64 ) (592 13488 288 ) (592 13536 288 ) 
4 57 108 (1024 13312 64 ) (1024 13312 223.979004 ) (704 13312 223.979004 ) (704 13312 64 ) 
4 57 110 (704 13312 223.979004 ) (624 13312 223.979004 ) (624 13312 64 ) (704 13312 64 ) 
4 57 107 (1024 13312 223.979004 ) (1024 13312 288 ) (624 13312 288 ) (624 13312 223.979004 ) 
4 57 62 (1024 13488 64 ) (1024 13312 64 ) (624 13312 64 ) (624 13488 64 ) 
4 57 59 (624 13488 192 ) (624 13488 64 ) (624 13312 64 ) (624 13312 192 ) 
4 57 58 (624 13488 288 ) (624 13488 192 ) (624 13312 192 ) (624 13312 288 ) 
4 58 111 (592 13312 223.979004 ) (592 13312 192 ) (624 13312 192 ) (624 13312 223.979004 ) 
4 58 107 (624 13312 288 ) (592 13312 288 ) (592 13312 223.979004 ) (624 13312 223.979004 ) 
4 58 60 (592 13312 192 ) (592 13312 288 ) (592 13488 288 ) (592 13488 192 ) 
4 58 59 (592 13312 192 ) (592 13488 192 ) (624 13488 192 ) (624 13312 192 ) 
4 59 112 (592 13312 192 ) (592 13312 64 ) (624 13312 64 ) (624 13312 192 ) 
4 59 62 (624 13312 64 ) (592 13312 64 ) (592 13488 64 ) (624 13488 64 ) 
4 59 60 (592 13488 64 ) (592 13312 64 ) (592 13312 192 ) (592 13488 192 ) 
4 60 114 (256 13312 223.979004 ) (256 13312 64 ) (592 13312 64 ) (592 13312 223.979004 ) 
4 60 107 (592 13312 288 ) (256 13312 288 ) (256 13312 223.979004 ) (592 13312 223.979004 ) 
4 60 63 (256 13312 64 ) (256 14336 64 ) (592 14336 64 ) (592 13312 64 ) 
4 61 64 (592 13568 32 ) (592 14336 32 ) (1024 14336 32 ) (1024 13568 32 ) 
4 61 62 (592 13568 64 ) (592 13568 48 ) (1024 13568 48 ) (1024 13568 64 ) 
4 61 63 (592 14336 32 ) (592 13568 32 ) (592 13568 64 ) (592 14336 64 ) 
4 62 113 (624 13312 64 ) (592 13312 64 ) (592 13312 48 ) (624 13312 48 ) 
4 62 108 (1024 13312 48 ) (1024 13312 64 ) (704 13312 64 ) (704 13312 48 ) 
4 62 110 (704 13312 64 ) (624 13312 64 ) (624 13312 48 ) (704 13312 48 ) 
4 62 63 (592 13312 48 ) (592 13312 64 ) (592 13568 64 ) (592 13568 48 ) 
4 63 116 (256 13312 48 ) (256 13312 32 ) (592 13312 32 ) (592 13312 48 ) 
4 63 114 (592 13312 64 ) (256 13312 64 ) (256 13312 48 ) (592 13312 48 ) 
4 63 64 (592 13312 32 ) (256 13312 32 ) (256 14336 32 ) (592 14336 32 ) 
4 64 116 (592 13312 32 ) (256 13312 32 ) (256 13312 -416 ) (592 13312 -416 ) 
4 64 115 (1024 13312 -416 ) (1024 13312 32 ) (592 13312 32 ) (592 13312 -416 ) 
4 65 84 (3072 12288 64 ) (3072 12288 1552 ) (2672 12288 1552 ) (2672 12288 64 ) 
4 65 70 (2672 13248 64 ) (2672 12288 64 ) (2672 12288 192 ) (2672 13211.299805 192 ) 
4 65 69 (2672 13312 192 ) (2672 13312 64 ) (2672 13248 64 ) (2672 13211.299805 192 ) 
4 65 68 (2672 13312 391.959045 ) (2672 13312 192 ) (2672 12288 192 ) (2672 12288 391.959045 ) 
4 65 67 (2672 13312 1552 ) (2672 13312 391.959045 ) (2672 12288 391.959045 ) (2672 12288 1552 ) 
4 66 95 (3072 12288 -416 ) (3072 12288 32 ) (2672 12288 32 ) (2672 12288 -416 ) 
4 66 75 (2672 13312 32 ) (2672 13312 -416 ) (2672 12288 -416 ) (2672 12288 32 ) 
4 67 88 (2640 12288 1552 ) (2048 12288 1552 ) (2048 12288 391.959045 ) (2640 12288 391.959045 ) 
4 67 85 (2672 12288 391.959045 ) (2672 12288 1552 ) (2640 12288 1552 ) (2640 12288 391.959045 ) 
4 67 77 (2048 12288 391.959045 ) (2048 12288 1552 ) (2048 12672 1552 ) (2048 12672 391.959045 ) 
4 67 76 (2048 12672 1552 ) (2048 13312 1552 ) (2048 13312 391.959045 ) (2048 12672 391.959045 ) 
4 67 73 (2048 13312 391.959045 ) (2256 13312 391.959045 ) (2256 12672 391.959045 ) (2048 12672 391.959045 ) 
4 67 72 (2256 13312 391.959045 ) (2640 13312 391.959045 ) (2640 12288 391.959045 ) (2256 12288 391.959045 ) 
4 67 68 (2640 13312 391.959045 ) (2672 13312 391.959045 ) (2672 12288 391.959045 ) (2640 12288 391.959045 ) 
4 68 85 (2672 12288 192 ) (2672 12288 391.959045 ) (2640 12288 391.959045 ) (2640 12288 192 ) 
4 68 72 (2640 12288 192 ) (2640 12288 391.959045 ) (2640 13312 391.959045 ) (2640 13312 192 ) 
4 68 70 (2640 12288 192 ) (2640 13211.299805 192 ) (2672 13211.299805 192 ) (2672 12288 192 ) 
4 68 69 (2640 13211.299805 192 ) (2640 13312 192 ) (2672 13312 192 ) (2672 13211.299805 192 ) 
4 69 72 (2640 13211.299805 192 ) (2640 13312 192 ) (2640 13312 64 ) (2640 13248 64 ) 
4 69 71 (2640 13248 64 ) (2640 13312 64 ) (2672 13312 64 ) (2672 13248 64 ) 
4 69 70 (2640 13248 64 ) (2672 13248 64 ) (2672 13211.298828 192 ) (2640 13211.298828 192 ) 
4 70 86 (2672 12288 64 ) (2672 12288 192 ) (2640 12288 192 ) (2640 12288 64 ) 
4 70 72 (2640 12288 64 ) (2640 12288 192 ) (2640 13211.299805 192 ) (2640 13248 64 ) 
4 70 71 (2640 12288 64 ) (2640 13248 64 ) (2672 13248 64 ) (2672 12288 64 ) 
4 71 87 (2672 12288 48 ) (2672 12288 64 ) (2640 12288 64 ) (2640 12288 48 ) 
4 71 72 (2640 13312 48 ) (2640 12288 48 ) (2640 12288 64 ) (2640 13312 64 ) 
4 72 89 (2640 12288 391.959045 ) (2256 12288 391.959045 ) (2256 12288 48 ) (2640 12288 48 ) 
4 72 74 (2256 12672 48 ) (2256 12288 48 ) (2256 12288 63.958702 ) (2256 12672 63.958702 ) 
4 72 73 (2256 13312 48 ) (2256 12672 48 ) (2256 12672 391.959045 ) (2256 13312 391.959045 ) 
4 73 76 (2048 12672 391.959045 ) (2048 13312 391.959045 ) (2048 13312 48 ) (2048 12672 48 ) 
4 73 74 (2048 12672 48 ) (2256 12672 48 ) (2256 12672 63.958702 ) (2048 12672 63.958702 ) 
4 74 90 (2048 12288 63.958702 ) (2048 12288 48 ) (2256 12288 48 ) (2256 12288 63.958702 ) 
4 74 78 (2048 12288 48 ) (2048 12288 63.958702 ) (2048 12672 63.958702 ) (2048 12672 48 ) 
4 75 95 (2672 12288 -416 ) (2672 12288 32 ) (2048 12288 32 ) (2048 12288 -416 ) 
4 75 83 (2048 12288 -416 ) (2048 12288 32 ) (2048 13312 32 ) (2048 13312 -416 ) 
4 76 79 (1712 13312 48 ) (1712 12672 48 ) (1712 12672 1552 ) (1712 13312 1552 ) 
4 76 77 (1712 12672 1552 ) (1712 12672 391.959045 ) (2048 12672 391.959045 ) (2048 12672 1552 ) 
4 76 78 (1712 12672 63.958702 ) (1712 12672 48 ) (2048 12672 48 ) (2048 12672 63.958702 ) 
4 77 96 (2048 12288 391.959045 ) (2048 12288 1552 ) (1712 12288 1552 ) (1712 12288 391.959045 ) 
4 77 79 (1712 12288 391.959045 ) (1712 12288 1552 ) (1712 12672 1552 ) (1712 12672 391.959045 ) 
4 78 97 (2048 12288 48 ) (2048 12288 63.958702 ) (1712 12288 63.958702 ) (1712 12288 48 ) 
4 78 79 (1712 12672 48 ) (1712 12288 48 ) (1712 12288 63.958702 ) (1712 12672 63.958702 ) 
4 79 98 (1712 12288 1552 ) (1104 12288 1552 ) (1104 12288 48 ) (1712 12288 48 ) 
4 79 81 (1104 12288 223.979004 ) (1104 12288 1552 ) (1104 12608 1552 ) (1104 12608 223.979004 ) 
4 79 82 (1104 12608 48 ) (1104 12288 48 ) (1104 12288 63.979301 ) (1104 12608 63.979301 ) 
4 79 80 (1104 13312 48 ) (1104 12608 48 ) (1104 12608 1552 ) (1104 13312 1552 ) 
4 80 108 (1024 13312 223.979004 ) (1024 13312 48 ) (1024 12608 48 ) (1024 12608 223.979004 ) 
4 80 107 (1024 12608 1552 ) (1024 13312 1552 ) (1024 13312 223.979004 ) (1024 12608 223.979004 ) 
4 80 81 (1104 12608 223.979004 ) (1104 12608 1552 ) (1024 12608 1552 ) (1024 12608 223.979004 ) 
4 80 82 (1024 12608 48 ) (1104 12608 48 ) (1104 12608 63.979301 ) (1024 12608 63.979301 ) 
4 81 107 (1024 12288 223.979004 ) (1024 12288 1552 ) (1024 12608 1552 ) (1024 12608 223.979004 ) 
4 81 99 (1104 12288 1552 ) (1024 12288 1552 ) (1024 12288 223.979004 ) (1104 12288 223.979004 ) 
4 82 109 (1024 12288 48 ) (1024 12288 63.979301 ) (1024 12608 63.979301 ) (1024 12608 48 ) 
4 82 100 (1024 12288 63.979301 ) (1024 12288 48 ) (1104 12288 48 ) (1104 12288 63.979301 ) 
4 83 115 (1024 12288 -416 ) (1024 12288 32 ) (1024 13312 32 ) (1024 13312 -416 ) 
4 83 106 (2048 12288 -416 ) (2048 12288 32 ) (1024 12288 32 ) (1024 12288 -416 ) 
4 84 131 (3072 11264 64 ) (3072 11264 1552 ) (2672 11264 1552 ) (2672 11264 64 ) 
4 84 86 (2672 12288 192 ) (2672 12288 64 ) (2672 11264 64 ) (2672 11264 192 ) 
4 84 85 (2672 12288 1552 ) (2672 12288 192 ) (2672 11264 192 ) (2672 11264 1552 ) 
4 85 131 (2640 11264 1552 ) (2640 11264 192 ) (2672 11264 192 ) (2672 11264 1552 ) 
4 85 92 (2640 11296 192 ) (2640 11264 192 ) (2640 11264 391.959045 ) (2640 11296 391.959045 ) 
4 85 89 (2640 12288 391.959045 ) (2640 12288 192 ) (2640 11296 192 ) (2640 11296 391.959045 ) 
4 85 88 (2640 12288 1552 ) (2640 12288 391.959045 ) (2640 11264 391.959045 ) (2640 11264 1552 ) 
4 85 86 (2640 11264 192 ) (2640 12288 192 ) (2672 12288 192 ) (2672 11264 192 ) 
4 86 131 (2640 11264 192 ) (2640 11264 64 ) (2672 11264 64 ) (2672 11264 192 ) 
4 86 93 (2640 11296 64 ) (2640 11264 64 ) (2640 11264 192 ) (2640 11296 192 ) 
4 86 89 (2640 12288 192 ) (2640 12288 64 ) (2640 11296 64 ) (2640 11296 192 ) 
4 86 87 (2640 11264 64 ) (2640 12288 64 ) (2672 12288 64 ) (2672 11264 64 ) 
4 87 131 (2640 11264 64 ) (2640 11264 48 ) (2672 11264 48 ) (2672 11264 64 ) 
4 87 94 (2640 11296 48 ) (2640 11264 48 ) (2640 11264 64 ) (2640 11296 64 ) 
4 87 89 (2640 12288 64 ) (2640 12288 48 ) (2640 11296 48 ) (2640 11296 64 ) 
4 88 131 (2048 11264 1552 ) (2048 11264 391.959045 ) (2640 11264 391.959045 ) (2640 11264 1552 ) 
4 88 103 (2048 11296 391.959045 ) (2048 11264 391.959045 ) (2048 11264 1552 ) (2048 11296 1552 ) 
4 88 102 (2048 11776 391.959045 ) (2048 11296 391.959045 ) (2048 11296 1552 ) (2048 11776 1552 ) 
4 88 96 (2048 12288 1552 ) (2048 12288 391.959045 ) (2048 11776 391.959045 ) (2048 11776 1552 ) 
4 88 92 (2640 11296 391.959045 ) (2640 11264 391.959045 ) (2048 11264 391.959045 ) (2048 11296 391.959045 ) 
4 88 91 (2256 11776 391.959045 ) (2256 11296 391.959045 ) (2048 11296 391.959045 ) (2048 11776 391.959045 ) 
4 88 89 (2256 12288 391.959045 ) (2640 12288 391.959045 ) (2640 11296 391.959045 ) (2256 11296 391.959045 ) 
4 89 93 (2640 11296 64 ) (2640 11296 192 ) (2256 11296 192 ) (2256 11296 64 ) 
4 89 92 (2640 11296 192 ) (2640 11296 391.959045 ) (2256 11296 391.959045 ) (2256 11296 192 ) 
4 89 94 (2256 11296 48 ) (2640 11296 48 ) (2640 11296 64 ) (2256 11296 64 ) 
4 89 90 (2256 12288 48 ) (2256 11776 48 ) (2256 11776 63.958702 ) (2256 12288 63.958702 ) 
4 89 91 (2256 11776 48 ) (2256 11296 48 ) (2256 11296 391.959045 ) (2256 11776 391.959045 ) 
4 90 97 (2048 12288 63.958702 ) (2048 12288 48 ) (2048 11776 48 ) (2048 11776 63.958702 ) 
4 90 91 (2048 11776 48 ) (2256 11776 48 ) (2256 11776 63.958702 ) (2048 11776 63.958702 ) 
4 91 102 (2048 11776 48 ) (2048 11296 48 ) (2048 11296 391.959045 ) (2048 11776 391.959045 ) 
4 91 93 (2256 11296 64 ) (2256 11296 192 ) (2048 11296 192 ) (2048 11296 64 ) 
4 91 92 (2256 11296 192 ) (2256 11296 391.959045 ) (2048 11296 391.959045 ) (2048 11296 192 ) 
4 91 94 (2048 11296 48 ) (2256 11296 48 ) (2256 11296 64 ) (2048 11296 64 ) 
4 92 131 (2048 11264 391.959045 ) (2048 11264 192 ) (2640 11264 192 ) (2640 11264 391.959045 ) 
4 92 103 (2048 11264 192 ) (2048 11264 391.959045 ) (2048 11296 391.959045 ) (2048 11296 192 ) 
4 92 93 (2048 11264 192 ) (2048 11296 192 ) (2640 11296 192 ) (2640 11264 192 ) 
4 93 131 (2048 11264 192 ) (2048 11264 64 ) (2640 11264 64 ) (2640 11264 192 ) 
4 93 104 (2048 11264 64 ) (2048 11264 192 ) (2048 11296 192 ) (2048 11296 64 ) 
4 93 94 (2048 11296 64 ) (2640 11296 64 ) (2640 11264 64 ) (2048 11264 64 ) 
4 94 131 (2048 11264 64 ) (2048 11264 48 ) (2640 11264 48 ) (2640 11264 64 ) 
4 94 105 (2048 11296 48 ) (2048 11264 48 ) (2048 11264 64 ) (2048 11296 64 ) 
4 95 131 (3072 11264 -416 ) (3072 11264 32 ) (2048 11264 32 ) (2048 11264 -416 ) 
4 95 106 (2048 12288 32 ) (2048 12288 -416 ) (2048 11264 -416 ) (2048 11264 32 ) 
4 96 102 (2048 11776 391.959045 ) (2048 11776 1552 ) (1712 11776 1552 ) (1712 11776 391.959045 ) 
4 96 98 (1712 11776 391.959045 ) (1712 11776 1552 ) (1712 12288 1552 ) (1712 12288 391.959045 ) 
4 97 102 (1712 11776 48 ) (2048 11776 48 ) (2048 11776 63.958702 ) (1712 11776 63.958702 ) 
4 97 98 (1712 12288 48 ) (1712 11776 48 ) (1712 11776 63.958702 ) (1712 12288 63.958702 ) 
4 98 102 (1104 11776 48 ) (1712 11776 48 ) (1712 11776 1552 ) (1104 11776 1552 ) 
4 98 99 (1104 12128 223.979004 ) (1104 12128 1552 ) (1104 12288 1552 ) (1104 12288 223.979004 ) 
4 98 100 (1104 12288 48 ) (1104 12128 48 ) (1104 12128 63.979301 ) (1104 12288 63.979301 ) 
4 98 101 (1104 12128 48 ) (1104 11776 48 ) (1104 11776 1552 ) (1104 12128 1552 ) 
4 99 117 (1024 12128 1552 ) (1024 12288 1552 ) (1024 12288 223.979004 ) (1024 12128 223.979004 ) 
4 99 101 (1104 12128 223.979004 ) (1104 12128 1552 ) (1024 12128 1552 ) (1024 12128 223.979004 ) 
4 100 118 (1024 12288 63.979301 ) (1024 12288 48 ) (1024 12128 48 ) (1024 12128 63.979301 ) 
4 100 101 (1024 12128 48 ) (1104 12128 48 ) (1104 12128 63.979301 ) (1024 12128 63.979301 ) 
4 101 119 (1024 11776 1552 ) (1024 12128 1552 ) (1024 12128 48 ) (1024 11776 48 ) 
4 101 102 (1024 11776 48 ) (1104 11776 48 ) (1104 11776 1552 ) (1024 11776 1552 ) 
4 102 119 (1024 11296 1552 ) (1024 11776 1552 ) (1024 11776 48 ) (1024 11296 48 ) 
4 102 104 (2048 11296 64 ) (2048 11296 192 ) (1024 11296 192 ) (1024 11296 64 ) 
4 102 103 (2048 11296 192 ) (2048 11296 1552 ) (1024 11296 1552 ) (1024 11296 192 ) 
4 102 105 (1024 11296 48 ) (2048 11296 48 ) (2048 11296 64 ) (1024 11296 64 ) 
4 103 132 (2048 11264 192 ) (2048 11264 1552 ) (1024 11264 1552 ) (1024 11264 192 ) 
4 103 125 (1024 11264 192 ) (1024 11264 1552 ) (1024 11296 1552 ) (1024 11296 192 ) 
4 103 104 (2048 11264 192 ) (1024 11264 192 ) (1024 11296 192 ) (2048 11296 192 ) 
4 104 132 (2048 11264 64 ) (2048 11264 192 ) (1024 11264 192 ) (1024 11264 64 ) 
4 104 126 (1024 11264 64 ) (1024 11264 192 ) (1024 11296 192 ) (1024 11296 64 ) 
4 104 105 (1024 11296 64 ) (2048 11296 64 ) (2048 11264 64 ) (1024 11264 64 ) 
4 105 132 (2048 11264 48 ) (2048 11264 64 ) (1024 11264 64 ) (1024 11264 48 ) 
4 105 127 (1024 11264 48 ) (1024 11264 64 ) (1024 11296 64 ) (1024 11296 48 ) 
4 106 132 (2048 11264 -416 ) (2048 11264 32 ) (1024 11264 32 ) (1024 11264 -416 ) 
4 106 130 (1024 11264 -416 ) (1024 11264 32 ) (1024 12288 32 ) (1024 12288 -416 ) 
4 107 121 (624 12288 1552 ) (592 12288 1552 ) (592 12288 223.979004 ) (624 12288 223.979004 ) 
4 107 120 (704 12288 1552 ) (624 12288 1552 ) (624 12288 223.979004 ) (704 12288 223.979004 ) 
4 107 124 (592 12288 1552 ) (256 12288 1552 ) (256 12288 223.979004 ) (592 12288 223.979004 ) 
4 107 117 (1024 12288 223.979004 ) (1024 12288 1552 ) (704 12288 1552 ) (704 12288 223.979004 ) 
4 107 111 (624 12288 223.979004 ) (592 12288 223.979004 ) (592 13312 223.979004 ) (624 13312 223.979004 ) 
4 107 114 (592 12288 223.979004 ) (256 12288 223.979004 ) (256 13312 223.979004 ) (592 13312 223.979004 ) 
4 107 108 (704 12608 223.979004 ) (704 13312 223.979004 ) (1024 13312 223.979004 ) (1024 12608 223.979004 ) 
4 107 110 (704 12288 223.979004 ) (624 12288 223.979004 ) (624 13312 223.979004 ) (704 13312 223.979004 ) 
4 108 109 (704 12608 63.979301 ) (704 12608 48 ) (1024 12608 48 ) (1024 12608 63.979301 ) 
4 108 110 (704 13312 48 ) (704 12608 48 ) (704 12608 223.979004 ) (704 13312 223.979004 ) 
4 109 118 (1024 12288 48 ) (1024 12288 63.979301 ) (704 12288 63.979301 ) (704 12288 48 ) 
4 109 110 (704 12608 48 ) (704 12288 48 ) (704 12288 63.979301 ) (704 12608 63.979301 ) 
4 110 120 (704 12288 223.979004 ) (624 12288 223.979004 ) (624 12288 48 ) (704 12288 48 ) 
4 110 112 (624 12288 64 ) (624 12288 192 ) (624 13312 192 ) (624 13312 64 ) 
4 110 111 (624 12288 192 ) (624 12288 223.979004 ) (624 13312 223.979004 ) (624 13312 192 ) 
4 110 113 (624 13312 48 ) (624 12288 48 ) (624 12288 64 ) (624 13312 64 ) 
4 111 121 (624 12288 223.979004 ) (592 12288 223.979004 ) (592 12288 192 ) (624 12288 192 ) 
4 111 114 (592 12288 192 ) (592 12288 223.979004 ) (592 13312 223.979004 ) (592 13312 192 ) 
4 111 112 (592 12288 192 ) (592 13312 192 ) (624 13312 192 ) (624 12288 192 ) 
4 112 122 (592 12288 192 ) (592 12288 64 ) (624 12288 64 ) (624 12288 192 ) 
4 112 113 (592 12288 64 ) (592 13312 64 ) (624 13312 64 ) (624 12288 64 ) 
4 112 114 (592 12288 64 ) (592 12288 192 ) (592 13312 192 ) (592 13312 64 ) 
4 113 123 (592 12288 64 ) (592 12288 48 ) (624 12288 48 ) (624 12288 64 ) 
4 113 114 (592 13312 48 ) (592 12288 48 ) (592 12288 64 ) (592 13312 64 ) 
4 114 124 (592 12288 223.979004 ) (256 12288 223.979004 ) (256 12288 48 ) (592 12288 48 ) 
4 114 116 (592 12288 48 ) (256 12288 48 ) (256 13312 48 ) (592 13312 48 ) 
4 115 130 (1024 12288 -416 ) (1024 12288 32 ) (592 12288 32 ) (592 12288 -416 ) 
4 115 116 (592 12288 -416 ) (592 12288 32 ) (592 13312 32 ) (592 13312 -416 ) 
4 116 130 (592 12288 -416 ) (592 12288 32 ) (256 12288 32 ) (256 12288 -416 ) 
4 116 129 (592 12288 32 ) (592 12288 48 ) (256 12288 48 ) (256 12288 32 ) 
4 117 120 (704 12128 223.979004 ) (704 12128 1552 ) (704 12288 1552 ) (704 12288 223.979004 ) 
4 117 119 (704 12128 1552 ) (704 12128 223.979004 ) (1024 12128 223.979004 ) (1024 12128 1552 ) 
4 118 120 (704 12288 48 ) (704 12128 48 ) (704 12128 63.979301 ) (704 12288 63.979301 ) 
4 118 119 (704 12128 63.979301 ) (704 12128 48 ) (1024 12128 48 ) (1024 12128 63.979301 ) 
4 119 126 (1024 11296 64 ) (1024 11296 192 ) (704 11296 192 ) (704 11296 64 ) 
4 119 125 (1024 11296 192 ) (1024 11296 1552 ) (704 11296 1552 ) (704 11296 192 ) 
4 119 127 (704 11296 48 ) (1024 11296 48 ) (1024 11296 64 ) (704 11296 64 ) 
4 119 120 (704 12128 48 ) (704 11296 48 ) (704 11296 1552 ) (704 12128 1552 ) 
4 120 126 (704 11296 64 ) (704 11296 192 ) (624 11296 192 ) (624 11296 64 ) 
4 120 125 (704 11296 192 ) (704 11296 1552 ) (624 11296 1552 ) (624 11296 192 ) 
4 120 127 (624 11296 48 ) (704 11296 48 ) (704 11296 64 ) (624 11296 64 ) 
4 120 122 (624 11296 64 ) (624 11296 192 ) (624 12288 192 ) (624 12288 64 ) 
4 120 121 (624 11296 192 ) (624 11296 1552 ) (624 12288 1552 ) (624 12288 192 ) 
4 120 123 (624 12288 48 ) (624 11296 48 ) (624 11296 64 ) (624 12288 64 ) 
4 121 125 (624 11296 192 ) (624 11296 1552 ) (592 11296 1552 ) (592 11296 192 ) 
4 121 124 (592 11296 192 ) (592 11296 1552 ) (592 12288 1552 ) (592 12288 192 ) 
4 121 122 (592 11296 192 ) (592 12288 192 ) (624 12288 192 ) (624 11296 192 ) 
4 122 126 (624 11296 64 ) (624 11296 192 ) (592 11296 192 ) (592 11296 64 ) 
4 122 123 (592 11296 64 ) (592 12288 64 ) (624 12288 64 ) (624 11296 64 ) 
4 122 124 (592 11296 64 ) (592 11296 192 ) (592 12288 192 ) (592 12288 64 ) 
4 123 127 (592 11296 48 ) (624 11296 48 ) (624 11296 64 ) (592 11296 64 ) 
4 123 124 (592 12288 48 ) (592 11296 48 ) (592 11296 64 ) (592 12288 64 ) 
4 124 129 (256 11296 48 ) (256 12288 48 ) (592 12288 48 ) (592 11296 48 ) 
4 124 128 (256 11296 1552 ) (256 11296 48 ) (592 11296 48 ) (592 11296 1552 ) 
4 125 133 (1024 11264 192 ) (1024 11264 1552 ) (592 11264 1552 ) (592 11264 192 ) 
4 125 128 (592 11264 1552 ) (592 11296 1552 ) (592 11296 192 ) (592 11264 192 ) 
4 125 126 (592 11264 192 ) (592 11296 192 ) (1024 11296 192 ) (1024 11264 192 ) 
4 126 133 (1024 11264 64 ) (1024 11264 192 ) (592 11264 192 ) (592 11264 64 ) 
4 126 127 (1024 11264 64 ) (592 11264 64 ) (592 11296 64 ) (1024 11296 64 ) 
4 126 128 (592 11296 192 ) (592 11296 64 ) (592 11264 64 ) (592 11264 192 ) 
4 127 133 (1024 11264 48 ) (1024 11264 64 ) (592 11264 64 ) (592 11264 48 ) 
4 127 128 (592 11296 64 ) (592 11296 48 ) (592 11264 48 ) (592 11264 64 ) 
4 128 133 (592 11264 1552 ) (256 11264 1552 ) (256 11264 48 ) (592 11264 48 ) 
4 128 129 (592 11264 48 ) (256 11264 48 ) (256 11296 48 ) (592 11296 48 ) 
4 129 133 (592 11264 48 ) (256 11264 48 ) (256 11264 32 ) (592 11264 32 ) 
4 129 130 (256 11264 32 ) (256 12288 32 ) (592 12288 32 ) (592 11264 32 ) 
4 130 133 (1024 11264 -416 ) (1024 11264 32 ) (256 11264 32 ) (256 11264 -416 ) 
4 131 132 (2048 11264 1552 ) (2048 11264 -416 ) (2048 10416 -416 ) (2048 10416 1552 ) 
4 132 133 (1024 11264 1552 ) (1024 11264 -416 ) (1024 10416 -416 ) (1024 10416 1552 ) 
